2025-12-03 22:34:25,519 - EyeTracker_Console - DEBUG - Egalite des noms : True
2025-12-03 22:34:41,766 - EyeTracker_Console - INFO -
Nettoyage du dossier : /mnt/c/Users/maxim/Bureau/ProTech_Ubuntu/Outputs
2025-12-03 22:34:42,703 - matplotlib.pyplot - DEBUG - Loaded backend agg version v2.2.
2025-12-03 22:34:42,708 - matplotlib.font_manager - DEBUG - findfont: Matching sans\-serif:style=normal:variant=normal:weight=normal:stretch=normal:size=10.0.
2025-12-03 22:34:42,708 - matplotlib.font_manager - DEBUG - findfont: score(FontEntry(fname='/home/max/.cache/pypoetry/virtualenvs/protech-MF7Eh3If-py3.10/lib/python3.10/site-packages/matplotlib/mpl-data/fonts/ttf/STIXSizFiveSymReg.ttf', name='STIXSizeFiveSym', style='normal', variant='normal', weight=400, stretch='normal', size='scalable')) = 10.05
2025-12-03 22:34:42,709 - matplotlib.font_manager - DEBUG - findfont: score(FontEntry(fname='/home/max/.cache/pypoetry/virtualenvs/protech-MF7Eh3If-py3.10/lib/python3.10/site-packages/matplotlib/mpl-data/fonts/ttf/DejaVuSansMono-BoldOblique.ttf', name='DejaVu Sans Mono', style='oblique', variant='normal', weight=700, stretch='normal', size='scalable')) = 11.335
2025-12-03 22:34:42,709 - matplotlib.font_manager - DEBUG - findfont: score(FontEntry(fname='/home/max/.cache/pypoetry/virtualenvs/protech-MF7Eh3If-py3.10/lib/python3.10/site-packages/matplotlib/mpl-data/fonts/ttf/STIXNonUni.ttf', name='STIXNonUnicode', style='normal', variant='normal', weight=400, stretch='normal', size='scalable')) = 10.05
2025-12-03 22:34:42,709 - matplotlib.font_manager - DEBUG - findfont: score(FontEntry(fname='/home/max/.cache/pypoetry/virtualenvs/protech-MF7Eh3If-py3.10/lib/python3.10/site-packages/matplotlib/mpl-data/fonts/ttf/STIXNonUniIta.ttf', name='STIXNonUnicode', style='italic', variant='normal', weight=400, stretch='normal', size='scalable')) = 11.05
2025-12-03 22:34:42,709 - matplotlib.font_manager - DEBUG - findfont: score(FontEntry(fname='/home/max/.cache/pypoetry/virtualenvs/protech-MF7Eh3If-py3.10/lib/python3.10/site-packages/matplotlib/mpl-data/fonts/ttf/cmsy10.ttf', name='cmsy10', style='normal', variant='normal', weight=400, stretch='normal', size='scalable')) = 10.05
2025-12-03 22:34:42,709 - matplotlib.font_manager - DEBUG - findfont: score(FontEntry(fname='/home/max/.cache/pypoetry/virtualenvs/protech-MF7Eh3If-py3.10/lib/python3.10/site-packages/matplotlib/mpl-data/fonts/ttf/DejaVuSans-BoldOblique.ttf', name='DejaVu Sans', style='oblique', variant='normal', weight=700, stretch='normal', size='scalable')) = 1.335
2025-12-03 22:34:42,710 - matplotlib.font_manager - DEBUG - findfont: score(FontEntry(fname='/home/max/.cache/pypoetry/virtualenvs/protech-MF7Eh3If-py3.10/lib/python3.10/site-packages/matplotlib/mpl-data/fonts/ttf/STIXSizFourSymBol.ttf', name='STIXSizeFourSym', style='normal', variant='normal', weight=700, stretch='normal', size='scalable')) = 10.335
2025-12-03 22:34:42,710 - matplotlib.font_manager - DEBUG - findfont: score(FontEntry(fname='/home/max/.cache/pypoetry/virtualenvs/protech-MF7Eh3If-py3.10/lib/python3.10/site-packages/matplotlib/mpl-data/fonts/ttf/STIXSizTwoSymReg.ttf', name='STIXSizeTwoSym', style='normal', variant='normal', weight=400, stretch='normal', size='scalable')) = 10.05
2025-12-03 22:34:42,710 - matplotlib.font_manager - DEBUG - findfont: score(FontEntry(fname='/home/max/.cache/pypoetry/virtualenvs/protech-MF7Eh3If-py3.10/lib/python3.10/site-packages/matplotlib/mpl-data/fonts/ttf/DejaVuSansDisplay.ttf', name='DejaVu Sans Display', style='normal', variant='normal', weight=400, stretch='normal', size='scalable')) = 10.05
2025-12-03 22:34:42,711 - matplotlib.font_manager - DEBUG - findfont: score(FontEntry(fname='/home/max/.cache/pypoetry/virtualenvs/protech-MF7Eh3If-py3.10/lib/python3.10/site-packages/matplotlib/mpl-data/fonts/ttf/STIXSizOneSymReg.ttf', name='STIXSizeOneSym', style='normal', variant='normal', weight=400, stretch='normal', size='scalable')) = 10.05
2025-12-03 22:34:42,711 - matplotlib.font_manager - DEBUG - findfont: score(FontEntry(fname='/home/max/.cache/pypoetry/virtualenvs/protech-MF7Eh3If-py3.10/lib/python3.10/site-packages/matplotlib/mpl-data/fonts/ttf/cmex10.ttf', name='cmex10', style='normal', variant='normal', weight=400, stretch='normal', size='scalable')) = 10.05
2025-12-03 22:34:42,711 - matplotlib.font_manager - DEBUG - findfont: score(FontEntry(fname='/home/max/.cache/pypoetry/virtualenvs/protech-MF7Eh3If-py3.10/lib/python3.10/site-packages/matplotlib/mpl-data/fonts/ttf/STIXGeneralBol.ttf', name='STIXGeneral', style='normal', variant='normal', weight=700, stretch='normal', size='scalable')) = 10.335
2025-12-03 22:34:42,712 - matplotlib.font_manager - DEBUG - findfont: score(FontEntry(fname='/home/max/.cache/pypoetry/virtualenvs/protech-MF7Eh3If-py3.10/lib/python3.10/site-packages/matplotlib/mpl-data/fonts/ttf/DejaVuSerif-BoldItalic.ttf', name='DejaVu Serif', style='italic', variant='normal', weight=700, stretch='normal', size='scalable')) = 11.335
2025-12-03 22:34:42,712 - matplotlib.font_manager - DEBUG - findfont: score(FontEntry(fname='/home/max/.cache/pypoetry/virtualenvs/protech-MF7Eh3If-py3.10/lib/python3.10/site-packages/matplotlib/mpl-data/fonts/ttf/DejaVuSans-Oblique.ttf', name='DejaVu Sans', style='oblique', variant='normal', weight=400, stretch='normal', size='scalable')) = 1.05
2025-12-03 22:34:42,713 - matplotlib.font_manager - DEBUG - findfont: score(FontEntry(fname='/home/max/.cache/pypoetry/virtualenvs/protech-MF7Eh3If-py3.10/lib/python3.10/site-packages/matplotlib/mpl-data/fonts/ttf/cmtt10.ttf', name='cmtt10', style='normal', variant='normal', weight=400, stretch='normal', size='scalable')) = 10.05
2025-12-03 22:34:42,713 - matplotlib.font_manager - DEBUG - findfont: score(FontEntry(fname='/home/max/.cache/pypoetry/virtualenvs/protech-MF7Eh3If-py3.10/lib/python3.10/site-packages/matplotlib/mpl-data/fonts/ttf/STIXSizThreeSymReg.ttf', name='STIXSizeThreeSym', style='normal', variant='normal', weight=400, stretch='normal', size='scalable')) = 10.05
2025-12-03 22:34:42,713 - matplotlib.font_manager - DEBUG - findfont: score(FontEntry(fname='/home/max/.cache/pypoetry/virtualenvs/protech-MF7Eh3If-py3.10/lib/python3.10/site-packages/matplotlib/mpl-data/fonts/ttf/STIXSizOneSymBol.ttf', name='STIXSizeOneSym', style='normal', variant='normal', weight=700, stretch='normal', size='scalable')) = 10.335
2025-12-03 22:34:42,713 - matplotlib.font_manager - DEBUG - findfont: score(FontEntry(fname='/home/max/.cache/pypoetry/virtualenvs/protech-MF7Eh3If-py3.10/lib/python3.10/site-packages/matplotlib/mpl-data/fonts/ttf/DejaVuSerifDisplay.ttf', name='DejaVu Serif Display', style='normal', variant='normal', weight=400, stretch='normal', size='scalable')) = 10.05
2025-12-03 22:34:42,714 - matplotlib.font_manager - DEBUG - findfont: score(FontEntry(fname='/home/max/.cache/pypoetry/virtualenvs/protech-MF7Eh3If-py3.10/lib/python3.10/site-packages/matplotlib/mpl-data/fonts/ttf/DejaVuSerif-Bold.ttf', name='DejaVu Serif', style='normal', variant='normal', weight=700, stretch='normal', size='scalable')) = 10.335
2025-12-03 22:34:42,714 - matplotlib.font_manager - DEBUG - findfont: score(FontEntry(fname='/home/max/.cache/pypoetry/virtualenvs/protech-MF7Eh3If-py3.10/lib/python3.10/site-packages/matplotlib/mpl-data/fonts/ttf/DejaVuSans-Bold.ttf', name='DejaVu Sans', style='normal', variant='normal', weight=700, stretch='normal', size='scalable')) = 0.33499999999999996
2025-12-03 22:34:42,714 - matplotlib.font_manager - DEBUG - findfont: score(FontEntry(fname='/home/max/.cache/pypoetry/virtualenvs/protech-MF7Eh3If-py3.10/lib/python3.10/site-packages/matplotlib/mpl-data/fonts/ttf/cmr10.ttf', name='cmr10', style='normal', variant='normal', weight=400, stretch='normal', size='scalable')) = 10.05
2025-12-03 22:34:42,714 - matplotlib.font_manager - DEBUG - findfont: score(FontEntry(fname='/home/max/.cache/pypoetry/virtualenvs/protech-MF7Eh3If-py3.10/lib/python3.10/site-packages/matplotlib/mpl-data/fonts/ttf/STIXGeneral.ttf', name='STIXGeneral', style='normal', variant='normal', weight=400, stretch='normal', size='scalable')) = 10.05
2025-12-03 22:34:42,715 - matplotlib.font_manager - DEBUG - findfont: score(FontEntry(fname='/home/max/.cache/pypoetry/virtualenvs/protech-MF7Eh3If-py3.10/lib/python3.10/site-packages/matplotlib/mpl-data/fonts/ttf/STIXSizThreeSymBol.ttf', name='STIXSizeThreeSym', style='normal', variant='normal', weight=700, stretch='normal', size='scalable')) = 10.335
2025-12-03 22:34:42,715 - matplotlib.font_manager - DEBUG - findfont: score(FontEntry(fname='/home/max/.cache/pypoetry/virtualenvs/protech-MF7Eh3If-py3.10/lib/python3.10/site-packages/matplotlib/mpl-data/fonts/ttf/DejaVuSansMono-Bold.ttf', name='DejaVu Sans Mono', style='normal', variant='normal', weight=700, stretch='normal', size='scalable')) = 10.335
2025-12-03 22:34:42,715 - matplotlib.font_manager - DEBUG - findfont: score(FontEntry(fname='/home/max/.cache/pypoetry/virtualenvs/protech-MF7Eh3If-py3.10/lib/python3.10/site-packages/matplotlib/mpl-data/fonts/ttf/STIXGeneralItalic.ttf', name='STIXGeneral', style='italic', variant='normal', weight=400, stretch='normal', size='scalable')) = 11.05
2025-12-03 22:34:42,715 - matplotlib.font_manager - DEBUG - findfont: score(FontEntry(fname='/home/max/.cache/pypoetry/virtualenvs/protech-MF7Eh3If-py3.10/lib/python3.10/site-packages/matplotlib/mpl-data/fonts/ttf/DejaVuSans.ttf', name='DejaVu Sans', style='normal', variant='normal', weight=400, stretch='normal', size='scalable')) = 0.05
2025-12-03 22:34:42,716 - matplotlib.font_manager - DEBUG - findfont: score(FontEntry(fname='/home/max/.cache/pypoetry/virtualenvs/protech-MF7Eh3If-py3.10/lib/python3.10/site-packages/matplotlib/mpl-data/fonts/ttf/STIXGeneralBolIta.ttf', name='STIXGeneral', style='italic', variant='normal', weight=700, stretch='normal', size='scalable')) = 11.335
2025-12-03 22:34:42,716 - matplotlib.font_manager - DEBUG - findfont: score(FontEntry(fname='/home/max/.cache/pypoetry/virtualenvs/protech-MF7Eh3If-py3.10/lib/python3.10/site-packages/matplotlib/mpl-data/fonts/ttf/STIXNonUniBolIta.ttf', name='STIXNonUnicode', style='italic', variant='normal', weight=700, stretch='normal', size='scalable')) = 11.335
2025-12-03 22:34:42,716 - matplotlib.font_manager - DEBUG - findfont: score(FontEntry(fname='/home/max/.cache/pypoetry/virtualenvs/protech-MF7Eh3If-py3.10/lib/python3.10/site-packages/matplotlib/mpl-data/fonts/ttf/STIXSizFourSymReg.ttf', name='STIXSizeFourSym', style='normal', variant='normal', weight=400, stretch='normal', size='scalable')) = 10.05
2025-12-03 22:34:42,716 - matplotlib.font_manager - DEBUG - findfont: score(FontEntry(fname='/home/max/.cache/pypoetry/virtualenvs/protech-MF7Eh3If-py3.10/lib/python3.10/site-packages/matplotlib/mpl-data/fonts/ttf/cmss10.ttf', name='cmss10', style='normal', variant='normal', weight=400, stretch='normal', size='scalable')) = 10.05
2025-12-03 22:34:42,717 - matplotlib.font_manager - DEBUG - findfont: score(FontEntry(fname='/home/max/.cache/pypoetry/virtualenvs/protech-MF7Eh3If-py3.10/lib/python3.10/site-packages/matplotlib/mpl-data/fonts/ttf/cmb10.ttf', name='cmb10', style='normal', variant='normal', weight=400, stretch='normal', size='scalable')) = 10.05
2025-12-03 22:34:42,717 - matplotlib.font_manager - DEBUG - findfont: score(FontEntry(fname='/home/max/.cache/pypoetry/virtualenvs/protech-MF7Eh3If-py3.10/lib/python3.10/site-packages/matplotlib/mpl-data/fonts/ttf/DejaVuSerif.ttf', name='DejaVu Serif', style='normal', variant='normal', weight=400, stretch='normal', size='scalable')) = 10.05
2025-12-03 22:34:42,717 - matplotlib.font_manager - DEBUG - findfont: score(FontEntry(fname='/home/max/.cache/pypoetry/virtualenvs/protech-MF7Eh3If-py3.10/lib/python3.10/site-packages/matplotlib/mpl-data/fonts/ttf/STIXSizTwoSymBol.ttf', name='STIXSizeTwoSym', style='normal', variant='normal', weight=700, stretch='normal', size='scalable')) = 10.335
2025-12-03 22:34:42,717 - matplotlib.font_manager - DEBUG - findfont: score(FontEntry(fname='/home/max/.cache/pypoetry/virtualenvs/protech-MF7Eh3If-py3.10/lib/python3.10/site-packages/matplotlib/mpl-data/fonts/ttf/DejaVuSansMono.ttf', name='DejaVu Sans Mono', style='normal', variant='normal', weight=400, stretch='normal', size='scalable')) = 10.05
2025-12-03 22:34:42,718 - matplotlib.font_manager - DEBUG - findfont: score(FontEntry(fname='/home/max/.cache/pypoetry/virtualenvs/protech-MF7Eh3If-py3.10/lib/python3.10/site-packages/matplotlib/mpl-data/fonts/ttf/STIXNonUniBol.ttf', name='STIXNonUnicode', style='normal', variant='normal', weight=700, stretch='normal', size='scalable')) = 10.335
2025-12-03 22:34:42,718 - matplotlib.font_manager - DEBUG - findfont: score(FontEntry(fname='/home/max/.cache/pypoetry/virtualenvs/protech-MF7Eh3If-py3.10/lib/python3.10/site-packages/matplotlib/mpl-data/fonts/ttf/DejaVuSerif-Italic.ttf', name='DejaVu Serif', style='italic', variant='normal', weight=400, stretch='normal', size='scalable')) = 11.05
2025-12-03 22:34:42,718 - matplotlib.font_manager - DEBUG - findfont: score(FontEntry(fname='/home/max/.cache/pypoetry/virtualenvs/protech-MF7Eh3If-py3.10/lib/python3.10/site-packages/matplotlib/mpl-data/fonts/ttf/cmmi10.ttf', name='cmmi10', style='normal', variant='normal', weight=400, stretch='normal', size='scalable')) = 10.05
2025-12-03 22:34:42,718 - matplotlib.font_manager - DEBUG - findfont: score(FontEntry(fname='/home/max/.cache/pypoetry/virtualenvs/protech-MF7Eh3If-py3.10/lib/python3.10/site-packages/matplotlib/mpl-data/fonts/ttf/DejaVuSansMono-Oblique.ttf', name='DejaVu Sans Mono', style='oblique', variant='normal', weight=400, stretch='normal', size='scalable')) = 11.05
2025-12-03 22:34:42,719 - matplotlib.font_manager - DEBUG - findfont: score(FontEntry(fname='/usr/share/fonts/truetype/dejavu/DejaVuSansMono-Bold.ttf', name='DejaVu Sans Mono', style='normal', variant='normal', weight=700, stretch='normal', size='scalable')) = 10.335
2025-12-03 22:34:42,719 - matplotlib.font_manager - DEBUG - findfont: score(FontEntry(fname='/usr/share/fonts/truetype/dejavu/DejaVuSerif-Bold.ttf', name='DejaVu Serif', style='normal', variant='normal', weight=700, stretch='normal', size='scalable')) = 10.335
2025-12-03 22:34:42,719 - matplotlib.font_manager - DEBUG - findfont: score(FontEntry(fname='/usr/share/fonts/truetype/ubuntu/Ubuntu-C.ttf', name='Ubuntu Condensed', style='normal', variant='normal', weight=400, stretch='condensed', size='scalable')) = 10.25
2025-12-03 22:34:42,720 - matplotlib.font_manager - DEBUG - findfont: score(FontEntry(fname='/usr/share/fonts/truetype/dejavu/DejaVuSansMono.ttf', name='DejaVu Sans Mono', style='normal', variant='normal', weight=400, stretch='normal', size='scalable')) = 10.05
2025-12-03 22:34:42,720 - matplotlib.font_manager - DEBUG - findfont: score(FontEntry(fname='/usr/share/fonts/truetype/dejavu/DejaVuSans.ttf', name='DejaVu Sans', style='normal', variant='normal', weight=400, stretch='normal', size='scalable')) = 0.05
2025-12-03 22:34:42,720 - matplotlib.font_manager - DEBUG - findfont: score(FontEntry(fname='/usr/share/fonts/truetype/ubuntu/Ubuntu-BI.ttf', name='Ubuntu', style='italic', variant='normal', weight=700, stretch='normal', size='scalable')) = 11.335
2025-12-03 22:34:42,720 - matplotlib.font_manager - DEBUG - findfont: score(FontEntry(fname='/usr/share/fonts/truetype/ubuntu/Ubuntu-RI.ttf', name='Ubuntu', style='italic', variant='normal', weight=400, stretch='normal', size='scalable')) = 11.05
2025-12-03 22:34:42,721 - matplotlib.font_manager - DEBUG - findfont: score(FontEntry(fname='/usr/share/fonts/truetype/ubuntu/Ubuntu-LI.ttf', name='Ubuntu', style='italic', variant='normal', weight=300, stretch='normal', size='scalable')) = 11.145
2025-12-03 22:34:42,721 - matplotlib.font_manager - DEBUG - findfont: score(FontEntry(fname='/usr/share/fonts/truetype/ubuntu/UbuntuMono-BI.ttf', name='Ubuntu Mono', style='italic', variant='normal', weight=700, stretch='normal', size='scalable')) = 11.335
2025-12-03 22:34:42,721 - matplotlib.font_manager - DEBUG - findfont: score(FontEntry(fname='/usr/share/fonts/truetype/dejavu/DejaVuSerif.ttf', name='DejaVu Serif', style='normal', variant='normal', weight=400, stretch='normal', size='scalable')) = 10.05
2025-12-03 22:34:42,722 - matplotlib.font_manager - DEBUG - findfont: score(FontEntry(fname='/usr/share/fonts/truetype/ubuntu/Ubuntu-B.ttf', name='Ubuntu', style='normal', variant='normal', weight=700, stretch='normal', size='scalable')) = 10.335
2025-12-03 22:34:42,722 - matplotlib.font_manager - DEBUG - findfont: score(FontEntry(fname='/usr/share/fonts/truetype/ubuntu/Ubuntu-Th.ttf', name='Ubuntu', style='normal', variant='normal', weight=250, stretch='normal', size='scalable')) = 10.1925
2025-12-03 22:34:42,722 - matplotlib.font_manager - DEBUG - findfont: score(FontEntry(fname='/usr/share/fonts/truetype/ubuntu/UbuntuMono-B.ttf', name='Ubuntu Mono', style='normal', variant='normal', weight=700, stretch='normal', size='scalable')) = 10.335
2025-12-03 22:34:42,723 - matplotlib.font_manager - DEBUG - findfont: score(FontEntry(fname='/usr/share/fonts/truetype/ubuntu/Ubuntu-L.ttf', name='Ubuntu', style='normal', variant='normal', weight=300, stretch='normal', size='scalable')) = 10.145
2025-12-03 22:34:42,723 - matplotlib.font_manager - DEBUG - findfont: score(FontEntry(fname='/usr/share/fonts/truetype/ubuntu/UbuntuMono-R.ttf', name='Ubuntu Mono', style='normal', variant='normal', weight=400, stretch='normal', size='scalable')) = 10.05
2025-12-03 22:34:42,724 - matplotlib.font_manager - DEBUG - findfont: score(FontEntry(fname='/usr/share/fonts/truetype/ubuntu/UbuntuMono-RI.ttf', name='Ubuntu Mono', style='italic', variant='normal', weight=400, stretch='normal', size='scalable')) = 11.05
2025-12-03 22:34:42,724 - matplotlib.font_manager - DEBUG - findfont: score(FontEntry(fname='/usr/share/fonts/truetype/ubuntu/Ubuntu-R.ttf', name='Ubuntu', style='normal', variant='normal', weight=400, stretch='normal', size='scalable')) = 10.05
2025-12-03 22:34:42,724 - matplotlib.font_manager - DEBUG - findfont: score(FontEntry(fname='/usr/share/fonts/truetype/dejavu/DejaVuSans-Bold.ttf', name='DejaVu Sans', style='normal', variant='normal', weight=700, stretch='normal', size='scalable')) = 0.33499999999999996
2025-12-03 22:34:42,725 - matplotlib.font_manager - DEBUG - findfont: score(FontEntry(fname='/usr/share/fonts/truetype/ubuntu/Ubuntu-MI.ttf', name='Ubuntu', style='italic', variant='normal', weight=500, stretch='normal', size='scalable')) = 11.145
2025-12-03 22:34:42,725 - matplotlib.font_manager - DEBUG - findfont: score(FontEntry(fname='/usr/share/fonts/truetype/ubuntu/Ubuntu-M.ttf', name='Ubuntu', style='normal', variant='normal', weight=500, stretch='normal', size='scalable')) = 10.145
2025-12-03 22:34:42,725 - matplotlib.font_manager - DEBUG - findfont: Matching sans\-serif:style=normal:variant=normal:weight=normal:stretch=normal:size=10.0 to DejaVu Sans ('/home/max/.cache/pypoetry/virtualenvs/protech-MF7Eh3If-py3.10/lib/python3.10/site-packages/matplotlib/mpl-data/fonts/ttf/DejaVuSans.ttf') with score of 0.050000.
2025-12-03 22:34:42,767 - matplotlib.font_manager - DEBUG - findfont: Matching sans\-serif:style=normal:variant=normal:weight=normal:stretch=normal:size=9.0.
2025-12-03 22:34:42,767 - matplotlib.font_manager - DEBUG - findfont: score(FontEntry(fname='/home/max/.cache/pypoetry/virtualenvs/protech-MF7Eh3If-py3.10/lib/python3.10/site-packages/matplotlib/mpl-data/fonts/ttf/STIXSizFiveSymReg.ttf', name='STIXSizeFiveSym', style='normal', variant='normal', weight=400, stretch='normal', size='scalable')) = 10.05
2025-12-03 22:34:42,768 - matplotlib.font_manager - DEBUG - findfont: score(FontEntry(fname='/home/max/.cache/pypoetry/virtualenvs/protech-MF7Eh3If-py3.10/lib/python3.10/site-packages/matplotlib/mpl-data/fonts/ttf/DejaVuSansMono-BoldOblique.ttf', name='DejaVu Sans Mono', style='oblique', variant='normal', weight=700, stretch='normal', size='scalable')) = 11.335
2025-12-03 22:34:42,769 - matplotlib.font_manager - DEBUG - findfont: score(FontEntry(fname='/home/max/.cache/pypoetry/virtualenvs/protech-MF7Eh3If-py3.10/lib/python3.10/site-packages/matplotlib/mpl-data/fonts/ttf/STIXNonUni.ttf', name='STIXNonUnicode', style='normal', variant='normal', weight=400, stretch='normal', size='scalable')) = 10.05
2025-12-03 22:34:42,769 - matplotlib.font_manager - DEBUG - findfont: score(FontEntry(fname='/home/max/.cache/pypoetry/virtualenvs/protech-MF7Eh3If-py3.10/lib/python3.10/site-packages/matplotlib/mpl-data/fonts/ttf/STIXNonUniIta.ttf', name='STIXNonUnicode', style='italic', variant='normal', weight=400, stretch='normal', size='scalable')) = 11.05
2025-12-03 22:34:42,770 - matplotlib.font_manager - DEBUG - findfont: score(FontEntry(fname='/home/max/.cache/pypoetry/virtualenvs/protech-MF7Eh3If-py3.10/lib/python3.10/site-packages/matplotlib/mpl-data/fonts/ttf/cmsy10.ttf', name='cmsy10', style='normal', variant='normal', weight=400, stretch='normal', size='scalable')) = 10.05
2025-12-03 22:34:42,771 - matplotlib.font_manager - DEBUG - findfont: score(FontEntry(fname='/home/max/.cache/pypoetry/virtualenvs/protech-MF7Eh3If-py3.10/lib/python3.10/site-packages/matplotlib/mpl-data/fonts/ttf/DejaVuSans-BoldOblique.ttf', name='DejaVu Sans', style='oblique', variant='normal', weight=700, stretch='normal', size='scalable')) = 1.335
2025-12-03 22:34:42,772 - matplotlib.font_manager - DEBUG - findfont: score(FontEntry(fname='/home/max/.cache/pypoetry/virtualenvs/protech-MF7Eh3If-py3.10/lib/python3.10/site-packages/matplotlib/mpl-data/fonts/ttf/STIXSizFourSymBol.ttf', name='STIXSizeFourSym', style='normal', variant='normal', weight=700, stretch='normal', size='scalable')) = 10.335
2025-12-03 22:34:42,772 - matplotlib.font_manager - DEBUG - findfont: score(FontEntry(fname='/home/max/.cache/pypoetry/virtualenvs/protech-MF7Eh3If-py3.10/lib/python3.10/site-packages/matplotlib/mpl-data/fonts/ttf/STIXSizTwoSymReg.ttf', name='STIXSizeTwoSym', style='normal', variant='normal', weight=400, stretch='normal', size='scalable')) = 10.05
2025-12-03 22:34:42,773 - matplotlib.font_manager - DEBUG - findfont: score(FontEntry(fname='/home/max/.cache/pypoetry/virtualenvs/protech-MF7Eh3If-py3.10/lib/python3.10/site-packages/matplotlib/mpl-data/fonts/ttf/DejaVuSansDisplay.ttf', name='DejaVu Sans Display', style='normal', variant='normal', weight=400, stretch='normal', size='scalable')) = 10.05
2025-12-03 22:34:42,774 - matplotlib.font_manager - DEBUG - findfont: score(FontEntry(fname='/home/max/.cache/pypoetry/virtualenvs/protech-MF7Eh3If-py3.10/lib/python3.10/site-packages/matplotlib/mpl-data/fonts/ttf/STIXSizOneSymReg.ttf', name='STIXSizeOneSym', style='normal', variant='normal', weight=400, stretch='normal', size='scalable')) = 10.05
2025-12-03 22:34:42,774 - matplotlib.font_manager - DEBUG - findfont: score(FontEntry(fname='/home/max/.cache/pypoetry/virtualenvs/protech-MF7Eh3If-py3.10/lib/python3.10/site-packages/matplotlib/mpl-data/fonts/ttf/cmex10.ttf', name='cmex10', style='normal', variant='normal', weight=400, stretch='normal', size='scalable')) = 10.05
2025-12-03 22:34:42,775 - matplotlib.font_manager - DEBUG - findfont: score(FontEntry(fname='/home/max/.cache/pypoetry/virtualenvs/protech-MF7Eh3If-py3.10/lib/python3.10/site-packages/matplotlib/mpl-data/fonts/ttf/STIXGeneralBol.ttf', name='STIXGeneral', style='normal', variant='normal', weight=700, stretch='normal', size='scalable')) = 10.335
2025-12-03 22:34:42,775 - matplotlib.font_manager - DEBUG - findfont: score(FontEntry(fname='/home/max/.cache/pypoetry/virtualenvs/protech-MF7Eh3If-py3.10/lib/python3.10/site-packages/matplotlib/mpl-data/fonts/ttf/DejaVuSerif-BoldItalic.ttf', name='DejaVu Serif', style='italic', variant='normal', weight=700, stretch='normal', size='scalable')) = 11.335
2025-12-03 22:34:42,776 - matplotlib.font_manager - DEBUG - findfont: score(FontEntry(fname='/home/max/.cache/pypoetry/virtualenvs/protech-MF7Eh3If-py3.10/lib/python3.10/site-packages/matplotlib/mpl-data/fonts/ttf/DejaVuSans-Oblique.ttf', name='DejaVu Sans', style='oblique', variant='normal', weight=400, stretch='normal', size='scalable')) = 1.05
2025-12-03 22:34:42,776 - matplotlib.font_manager - DEBUG - findfont: score(FontEntry(fname='/home/max/.cache/pypoetry/virtualenvs/protech-MF7Eh3If-py3.10/lib/python3.10/site-packages/matplotlib/mpl-data/fonts/ttf/cmtt10.ttf', name='cmtt10', style='normal', variant='normal', weight=400, stretch='normal', size='scalable')) = 10.05
2025-12-03 22:34:42,777 - matplotlib.font_manager - DEBUG - findfont: score(FontEntry(fname='/home/max/.cache/pypoetry/virtualenvs/protech-MF7Eh3If-py3.10/lib/python3.10/site-packages/matplotlib/mpl-data/fonts/ttf/STIXSizThreeSymReg.ttf', name='STIXSizeThreeSym', style='normal', variant='normal', weight=400, stretch='normal', size='scalable')) = 10.05
2025-12-03 22:34:42,778 - matplotlib.font_manager - DEBUG - findfont: score(FontEntry(fname='/home/max/.cache/pypoetry/virtualenvs/protech-MF7Eh3If-py3.10/lib/python3.10/site-packages/matplotlib/mpl-data/fonts/ttf/STIXSizOneSymBol.ttf', name='STIXSizeOneSym', style='normal', variant='normal', weight=700, stretch='normal', size='scalable')) = 10.335
2025-12-03 22:34:42,778 - matplotlib.font_manager - DEBUG - findfont: score(FontEntry(fname='/home/max/.cache/pypoetry/virtualenvs/protech-MF7Eh3If-py3.10/lib/python3.10/site-packages/matplotlib/mpl-data/fonts/ttf/DejaVuSerifDisplay.ttf', name='DejaVu Serif Display', style='normal', variant='normal', weight=400, stretch='normal', size='scalable')) = 10.05
2025-12-03 22:34:42,779 - matplotlib.font_manager - DEBUG - findfont: score(FontEntry(fname='/home/max/.cache/pypoetry/virtualenvs/protech-MF7Eh3If-py3.10/lib/python3.10/site-packages/matplotlib/mpl-data/fonts/ttf/DejaVuSerif-Bold.ttf', name='DejaVu Serif', style='normal', variant='normal', weight=700, stretch='normal', size='scalable')) = 10.335
2025-12-03 22:34:42,780 - matplotlib.font_manager - DEBUG - findfont: score(FontEntry(fname='/home/max/.cache/pypoetry/virtualenvs/protech-MF7Eh3If-py3.10/lib/python3.10/site-packages/matplotlib/mpl-data/fonts/ttf/DejaVuSans-Bold.ttf', name='DejaVu Sans', style='normal', variant='normal', weight=700, stretch='normal', size='scalable')) = 0.33499999999999996
2025-12-03 22:34:42,781 - matplotlib.font_manager - DEBUG - findfont: score(FontEntry(fname='/home/max/.cache/pypoetry/virtualenvs/protech-MF7Eh3If-py3.10/lib/python3.10/site-packages/matplotlib/mpl-data/fonts/ttf/cmr10.ttf', name='cmr10', style='normal', variant='normal', weight=400, stretch='normal', size='scalable')) = 10.05
2025-12-03 22:34:42,781 - matplotlib.font_manager - DEBUG - findfont: score(FontEntry(fname='/home/max/.cache/pypoetry/virtualenvs/protech-MF7Eh3If-py3.10/lib/python3.10/site-packages/matplotlib/mpl-data/fonts/ttf/STIXGeneral.ttf', name='STIXGeneral', style='normal', variant='normal', weight=400, stretch='normal', size='scalable')) = 10.05
2025-12-03 22:34:42,782 - matplotlib.font_manager - DEBUG - findfont: score(FontEntry(fname='/home/max/.cache/pypoetry/virtualenvs/protech-MF7Eh3If-py3.10/lib/python3.10/site-packages/matplotlib/mpl-data/fonts/ttf/STIXSizThreeSymBol.ttf', name='STIXSizeThreeSym', style='normal', variant='normal', weight=700, stretch='normal', size='scalable')) = 10.335
2025-12-03 22:34:42,783 - matplotlib.font_manager - DEBUG - findfont: score(FontEntry(fname='/home/max/.cache/pypoetry/virtualenvs/protech-MF7Eh3If-py3.10/lib/python3.10/site-packages/matplotlib/mpl-data/fonts/ttf/DejaVuSansMono-Bold.ttf', name='DejaVu Sans Mono', style='normal', variant='normal', weight=700, stretch='normal', size='scalable')) = 10.335
2025-12-03 22:34:42,784 - matplotlib.font_manager - DEBUG - findfont: score(FontEntry(fname='/home/max/.cache/pypoetry/virtualenvs/protech-MF7Eh3If-py3.10/lib/python3.10/site-packages/matplotlib/mpl-data/fonts/ttf/STIXGeneralItalic.ttf', name='STIXGeneral', style='italic', variant='normal', weight=400, stretch='normal', size='scalable')) = 11.05
2025-12-03 22:34:42,784 - matplotlib.font_manager - DEBUG - findfont: score(FontEntry(fname='/home/max/.cache/pypoetry/virtualenvs/protech-MF7Eh3If-py3.10/lib/python3.10/site-packages/matplotlib/mpl-data/fonts/ttf/DejaVuSans.ttf', name='DejaVu Sans', style='normal', variant='normal', weight=400, stretch='normal', size='scalable')) = 0.05
2025-12-03 22:34:42,785 - matplotlib.font_manager - DEBUG - findfont: score(FontEntry(fname='/home/max/.cache/pypoetry/virtualenvs/protech-MF7Eh3If-py3.10/lib/python3.10/site-packages/matplotlib/mpl-data/fonts/ttf/STIXGeneralBolIta.ttf', name='STIXGeneral', style='italic', variant='normal', weight=700, stretch='normal', size='scalable')) = 11.335
2025-12-03 22:34:42,785 - matplotlib.font_manager - DEBUG - findfont: score(FontEntry(fname='/home/max/.cache/pypoetry/virtualenvs/protech-MF7Eh3If-py3.10/lib/python3.10/site-packages/matplotlib/mpl-data/fonts/ttf/STIXNonUniBolIta.ttf', name='STIXNonUnicode', style='italic', variant='normal', weight=700, stretch='normal', size='scalable')) = 11.335
2025-12-03 22:34:42,786 - matplotlib.font_manager - DEBUG - findfont: score(FontEntry(fname='/home/max/.cache/pypoetry/virtualenvs/protech-MF7Eh3If-py3.10/lib/python3.10/site-packages/matplotlib/mpl-data/fonts/ttf/STIXSizFourSymReg.ttf', name='STIXSizeFourSym', style='normal', variant='normal', weight=400, stretch='normal', size='scalable')) = 10.05
2025-12-03 22:34:42,787 - matplotlib.font_manager - DEBUG - findfont: score(FontEntry(fname='/home/max/.cache/pypoetry/virtualenvs/protech-MF7Eh3If-py3.10/lib/python3.10/site-packages/matplotlib/mpl-data/fonts/ttf/cmss10.ttf', name='cmss10', style='normal', variant='normal', weight=400, stretch='normal', size='scalable')) = 10.05
2025-12-03 22:34:42,787 - matplotlib.font_manager - DEBUG - findfont: score(FontEntry(fname='/home/max/.cache/pypoetry/virtualenvs/protech-MF7Eh3If-py3.10/lib/python3.10/site-packages/matplotlib/mpl-data/fonts/ttf/cmb10.ttf', name='cmb10', style='normal', variant='normal', weight=400, stretch='normal', size='scalable')) = 10.05
2025-12-03 22:34:42,788 - matplotlib.font_manager - DEBUG - findfont: score(FontEntry(fname='/home/max/.cache/pypoetry/virtualenvs/protech-MF7Eh3If-py3.10/lib/python3.10/site-packages/matplotlib/mpl-data/fonts/ttf/DejaVuSerif.ttf', name='DejaVu Serif', style='normal', variant='normal', weight=400, stretch='normal', size='scalable')) = 10.05
2025-12-03 22:34:42,788 - matplotlib.font_manager - DEBUG - findfont: score(FontEntry(fname='/home/max/.cache/pypoetry/virtualenvs/protech-MF7Eh3If-py3.10/lib/python3.10/site-packages/matplotlib/mpl-data/fonts/ttf/STIXSizTwoSymBol.ttf', name='STIXSizeTwoSym', style='normal', variant='normal', weight=700, stretch='normal', size='scalable')) = 10.335
2025-12-03 22:34:42,788 - matplotlib.font_manager - DEBUG - findfont: score(FontEntry(fname='/home/max/.cache/pypoetry/virtualenvs/protech-MF7Eh3If-py3.10/lib/python3.10/site-packages/matplotlib/mpl-data/fonts/ttf/DejaVuSansMono.ttf', name='DejaVu Sans Mono', style='normal', variant='normal', weight=400, stretch='normal', size='scalable')) = 10.05
2025-12-03 22:34:42,789 - matplotlib.font_manager - DEBUG - findfont: score(FontEntry(fname='/home/max/.cache/pypoetry/virtualenvs/protech-MF7Eh3If-py3.10/lib/python3.10/site-packages/matplotlib/mpl-data/fonts/ttf/STIXNonUniBol.ttf', name='STIXNonUnicode', style='normal', variant='normal', weight=700, stretch='normal', size='scalable')) = 10.335
2025-12-03 22:34:42,789 - matplotlib.font_manager - DEBUG - findfont: score(FontEntry(fname='/home/max/.cache/pypoetry/virtualenvs/protech-MF7Eh3If-py3.10/lib/python3.10/site-packages/matplotlib/mpl-data/fonts/ttf/DejaVuSerif-Italic.ttf', name='DejaVu Serif', style='italic', variant='normal', weight=400, stretch='normal', size='scalable')) = 11.05
2025-12-03 22:34:42,789 - matplotlib.font_manager - DEBUG - findfont: score(FontEntry(fname='/home/max/.cache/pypoetry/virtualenvs/protech-MF7Eh3If-py3.10/lib/python3.10/site-packages/matplotlib/mpl-data/fonts/ttf/cmmi10.ttf', name='cmmi10', style='normal', variant='normal', weight=400, stretch='normal', size='scalable')) = 10.05
2025-12-03 22:34:42,789 - matplotlib.font_manager - DEBUG - findfont: score(FontEntry(fname='/home/max/.cache/pypoetry/virtualenvs/protech-MF7Eh3If-py3.10/lib/python3.10/site-packages/matplotlib/mpl-data/fonts/ttf/DejaVuSansMono-Oblique.ttf', name='DejaVu Sans Mono', style='oblique', variant='normal', weight=400, stretch='normal', size='scalable')) = 11.05
2025-12-03 22:34:42,790 - matplotlib.font_manager - DEBUG - findfont: score(FontEntry(fname='/usr/share/fonts/truetype/dejavu/DejaVuSansMono-Bold.ttf', name='DejaVu Sans Mono', style='normal', variant='normal', weight=700, stretch='normal', size='scalable')) = 10.335
2025-12-03 22:34:42,790 - matplotlib.font_manager - DEBUG - findfont: score(FontEntry(fname='/usr/share/fonts/truetype/dejavu/DejaVuSerif-Bold.ttf', name='DejaVu Serif', style='normal', variant='normal', weight=700, stretch='normal', size='scalable')) = 10.335
2025-12-03 22:34:42,790 - matplotlib.font_manager - DEBUG - findfont: score(FontEntry(fname='/usr/share/fonts/truetype/ubuntu/Ubuntu-C.ttf', name='Ubuntu Condensed', style='normal', variant='normal', weight=400, stretch='condensed', size='scalable')) = 10.25
2025-12-03 22:34:42,791 - matplotlib.font_manager - DEBUG - findfont: score(FontEntry(fname='/usr/share/fonts/truetype/dejavu/DejaVuSansMono.ttf', name='DejaVu Sans Mono', style='normal', variant='normal', weight=400, stretch='normal', size='scalable')) = 10.05
2025-12-03 22:34:42,791 - matplotlib.font_manager - DEBUG - findfont: score(FontEntry(fname='/usr/share/fonts/truetype/dejavu/DejaVuSans.ttf', name='DejaVu Sans', style='normal', variant='normal', weight=400, stretch='normal', size='scalable')) = 0.05
2025-12-03 22:34:42,792 - matplotlib.font_manager - DEBUG - findfont: score(FontEntry(fname='/usr/share/fonts/truetype/ubuntu/Ubuntu-BI.ttf', name='Ubuntu', style='italic', variant='normal', weight=700, stretch='normal', size='scalable')) = 11.335
2025-12-03 22:34:42,792 - matplotlib.font_manager - DEBUG - findfont: score(FontEntry(fname='/usr/share/fonts/truetype/ubuntu/Ubuntu-RI.ttf', name='Ubuntu', style='italic', variant='normal', weight=400, stretch='normal', size='scalable')) = 11.05
2025-12-03 22:34:42,792 - matplotlib.font_manager - DEBUG - findfont: score(FontEntry(fname='/usr/share/fonts/truetype/ubuntu/Ubuntu-LI.ttf', name='Ubuntu', style='italic', variant='normal', weight=300, stretch='normal', size='scalable')) = 11.145
2025-12-03 22:34:42,793 - matplotlib.font_manager - DEBUG - findfont: score(FontEntry(fname='/usr/share/fonts/truetype/ubuntu/UbuntuMono-BI.ttf', name='Ubuntu Mono', style='italic', variant='normal', weight=700, stretch='normal', size='scalable')) = 11.335
2025-12-03 22:34:42,793 - matplotlib.font_manager - DEBUG - findfont: score(FontEntry(fname='/usr/share/fonts/truetype/dejavu/DejaVuSerif.ttf', name='DejaVu Serif', style='normal', variant='normal', weight=400, stretch='normal', size='scalable')) = 10.05
2025-12-03 22:34:42,793 - matplotlib.font_manager - DEBUG - findfont: score(FontEntry(fname='/usr/share/fonts/truetype/ubuntu/Ubuntu-B.ttf', name='Ubuntu', style='normal', variant='normal', weight=700, stretch='normal', size='scalable')) = 10.335
2025-12-03 22:34:42,794 - matplotlib.font_manager - DEBUG - findfont: score(FontEntry(fname='/usr/share/fonts/truetype/ubuntu/Ubuntu-Th.ttf', name='Ubuntu', style='normal', variant='normal', weight=250, stretch='normal', size='scalable')) = 10.1925
2025-12-03 22:34:42,794 - matplotlib.font_manager - DEBUG - findfont: score(FontEntry(fname='/usr/share/fonts/truetype/ubuntu/UbuntuMono-B.ttf', name='Ubuntu Mono', style='normal', variant='normal', weight=700, stretch='normal', size='scalable')) = 10.335
2025-12-03 22:34:42,794 - matplotlib.font_manager - DEBUG - findfont: score(FontEntry(fname='/usr/share/fonts/truetype/ubuntu/Ubuntu-L.ttf', name='Ubuntu', style='normal', variant='normal', weight=300, stretch='normal', size='scalable')) = 10.145
2025-12-03 22:34:42,794 - matplotlib.font_manager - DEBUG - findfont: score(FontEntry(fname='/usr/share/fonts/truetype/ubuntu/UbuntuMono-R.ttf', name='Ubuntu Mono', style='normal', variant='normal', weight=400, stretch='normal', size='scalable')) = 10.05
2025-12-03 22:34:42,795 - matplotlib.font_manager - DEBUG - findfont: score(FontEntry(fname='/usr/share/fonts/truetype/ubuntu/UbuntuMono-RI.ttf', name='Ubuntu Mono', style='italic', variant='normal', weight=400, stretch='normal', size='scalable')) = 11.05
2025-12-03 22:34:42,795 - matplotlib.font_manager - DEBUG - findfont: score(FontEntry(fname='/usr/share/fonts/truetype/ubuntu/Ubuntu-R.ttf', name='Ubuntu', style='normal', variant='normal', weight=400, stretch='normal', size='scalable')) = 10.05
2025-12-03 22:34:42,795 - matplotlib.font_manager - DEBUG - findfont: score(FontEntry(fname='/usr/share/fonts/truetype/dejavu/DejaVuSans-Bold.ttf', name='DejaVu Sans', style='normal', variant='normal', weight=700, stretch='normal', size='scalable')) = 0.33499999999999996
2025-12-03 22:34:42,795 - matplotlib.font_manager - DEBUG - findfont: score(FontEntry(fname='/usr/share/fonts/truetype/ubuntu/Ubuntu-MI.ttf', name='Ubuntu', style='italic', variant='normal', weight=500, stretch='normal', size='scalable')) = 11.145
2025-12-03 22:34:42,796 - matplotlib.font_manager - DEBUG - findfont: score(FontEntry(fname='/usr/share/fonts/truetype/ubuntu/Ubuntu-M.ttf', name='Ubuntu', style='normal', variant='normal', weight=500, stretch='normal', size='scalable')) = 10.145
2025-12-03 22:34:42,796 - matplotlib.font_manager - DEBUG - findfont: Matching sans\-serif:style=normal:variant=normal:weight=normal:stretch=normal:size=9.0 to DejaVu Sans ('/home/max/.cache/pypoetry/virtualenvs/protech-MF7Eh3If-py3.10/lib/python3.10/site-packages/matplotlib/mpl-data/fonts/ttf/DejaVuSans.ttf') with score of 0.050000.
2025-12-03 22:34:43,444 - matplotlib.colorbar - DEBUG - colorbar update normal <matplotlib.colors.Normalize object at 0x75a7497760e0> <matplotlib.colors.Normalize object at 0x75a7497760e0>
2025-12-03 22:34:43,446 - matplotlib.colorbar - DEBUG - locator: <matplotlib.ticker.AutoLocator object at 0x75a7497947f0>
2025-12-03 22:34:43,448 - matplotlib.colorbar - DEBUG - colorbar update normal <matplotlib.colors.Normalize object at 0x75a7497760e0> <matplotlib.colors.Normalize object at 0x75a7497760e0>
2025-12-03 22:34:43,451 - matplotlib.colorbar - DEBUG - locator: <matplotlib.ticker.AutoLocator object at 0x75a7497947f0>
2025-12-03 22:34:43,454 - matplotlib.colorbar - DEBUG - locator: <matplotlib.ticker.AutoLocator object at 0x75a749775360>
2025-12-03 22:34:43,467 - matplotlib.font_manager - DEBUG - findfont: Matching sans\-serif:style=normal:variant=normal:weight=normal:stretch=normal:size=12.0.
2025-12-03 22:34:43,467 - matplotlib.font_manager - DEBUG - findfont: score(FontEntry(fname='/home/max/.cache/pypoetry/virtualenvs/protech-MF7Eh3If-py3.10/lib/python3.10/site-packages/matplotlib/mpl-data/fonts/ttf/STIXSizFiveSymReg.ttf', name='STIXSizeFiveSym', style='normal', variant='normal', weight=400, stretch='normal', size='scalable')) = 10.05
2025-12-03 22:34:43,468 - matplotlib.font_manager - DEBUG - findfont: score(FontEntry(fname='/home/max/.cache/pypoetry/virtualenvs/protech-MF7Eh3If-py3.10/lib/python3.10/site-packages/matplotlib/mpl-data/fonts/ttf/DejaVuSansMono-BoldOblique.ttf', name='DejaVu Sans Mono', style='oblique', variant='normal', weight=700, stretch='normal', size='scalable')) = 11.335
2025-12-03 22:34:43,468 - matplotlib.font_manager - DEBUG - findfont: score(FontEntry(fname='/home/max/.cache/pypoetry/virtualenvs/protech-MF7Eh3If-py3.10/lib/python3.10/site-packages/matplotlib/mpl-data/fonts/ttf/STIXNonUni.ttf', name='STIXNonUnicode', style='normal', variant='normal', weight=400, stretch='normal', size='scalable')) = 10.05
2025-12-03 22:34:43,468 - matplotlib.font_manager - DEBUG - findfont: score(FontEntry(fname='/home/max/.cache/pypoetry/virtualenvs/protech-MF7Eh3If-py3.10/lib/python3.10/site-packages/matplotlib/mpl-data/fonts/ttf/STIXNonUniIta.ttf', name='STIXNonUnicode', style='italic', variant='normal', weight=400, stretch='normal', size='scalable')) = 11.05
2025-12-03 22:34:43,469 - matplotlib.font_manager - DEBUG - findfont: score(FontEntry(fname='/home/max/.cache/pypoetry/virtualenvs/protech-MF7Eh3If-py3.10/lib/python3.10/site-packages/matplotlib/mpl-data/fonts/ttf/cmsy10.ttf', name='cmsy10', style='normal', variant='normal', weight=400, stretch='normal', size='scalable')) = 10.05
2025-12-03 22:34:43,469 - matplotlib.font_manager - DEBUG - findfont: score(FontEntry(fname='/home/max/.cache/pypoetry/virtualenvs/protech-MF7Eh3If-py3.10/lib/python3.10/site-packages/matplotlib/mpl-data/fonts/ttf/DejaVuSans-BoldOblique.ttf', name='DejaVu Sans', style='oblique', variant='normal', weight=700, stretch='normal', size='scalable')) = 1.335
2025-12-03 22:34:43,470 - matplotlib.font_manager - DEBUG - findfont: score(FontEntry(fname='/home/max/.cache/pypoetry/virtualenvs/protech-MF7Eh3If-py3.10/lib/python3.10/site-packages/matplotlib/mpl-data/fonts/ttf/STIXSizFourSymBol.ttf', name='STIXSizeFourSym', style='normal', variant='normal', weight=700, stretch='normal', size='scalable')) = 10.335
2025-12-03 22:34:43,470 - matplotlib.font_manager - DEBUG - findfont: score(FontEntry(fname='/home/max/.cache/pypoetry/virtualenvs/protech-MF7Eh3If-py3.10/lib/python3.10/site-packages/matplotlib/mpl-data/fonts/ttf/STIXSizTwoSymReg.ttf', name='STIXSizeTwoSym', style='normal', variant='normal', weight=400, stretch='normal', size='scalable')) = 10.05
2025-12-03 22:34:43,470 - matplotlib.font_manager - DEBUG - findfont: score(FontEntry(fname='/home/max/.cache/pypoetry/virtualenvs/protech-MF7Eh3If-py3.10/lib/python3.10/site-packages/matplotlib/mpl-data/fonts/ttf/DejaVuSansDisplay.ttf', name='DejaVu Sans Display', style='normal', variant='normal', weight=400, stretch='normal', size='scalable')) = 10.05
2025-12-03 22:34:43,471 - matplotlib.font_manager - DEBUG - findfont: score(FontEntry(fname='/home/max/.cache/pypoetry/virtualenvs/protech-MF7Eh3If-py3.10/lib/python3.10/site-packages/matplotlib/mpl-data/fonts/ttf/STIXSizOneSymReg.ttf', name='STIXSizeOneSym', style='normal', variant='normal', weight=400, stretch='normal', size='scalable')) = 10.05
2025-12-03 22:34:43,471 - matplotlib.font_manager - DEBUG - findfont: score(FontEntry(fname='/home/max/.cache/pypoetry/virtualenvs/protech-MF7Eh3If-py3.10/lib/python3.10/site-packages/matplotlib/mpl-data/fonts/ttf/cmex10.ttf', name='cmex10', style='normal', variant='normal', weight=400, stretch='normal', size='scalable')) = 10.05
2025-12-03 22:34:43,472 - matplotlib.font_manager - DEBUG - findfont: score(FontEntry(fname='/home/max/.cache/pypoetry/virtualenvs/protech-MF7Eh3If-py3.10/lib/python3.10/site-packages/matplotlib/mpl-data/fonts/ttf/STIXGeneralBol.ttf', name='STIXGeneral', style='normal', variant='normal', weight=700, stretch='normal', size='scalable')) = 10.335
2025-12-03 22:34:43,472 - matplotlib.font_manager - DEBUG - findfont: score(FontEntry(fname='/home/max/.cache/pypoetry/virtualenvs/protech-MF7Eh3If-py3.10/lib/python3.10/site-packages/matplotlib/mpl-data/fonts/ttf/DejaVuSerif-BoldItalic.ttf', name='DejaVu Serif', style='italic', variant='normal', weight=700, stretch='normal', size='scalable')) = 11.335
2025-12-03 22:34:43,472 - matplotlib.font_manager - DEBUG - findfont: score(FontEntry(fname='/home/max/.cache/pypoetry/virtualenvs/protech-MF7Eh3If-py3.10/lib/python3.10/site-packages/matplotlib/mpl-data/fonts/ttf/DejaVuSans-Oblique.ttf', name='DejaVu Sans', style='oblique', variant='normal', weight=400, stretch='normal', size='scalable')) = 1.05
2025-12-03 22:34:43,473 - matplotlib.font_manager - DEBUG - findfont: score(FontEntry(fname='/home/max/.cache/pypoetry/virtualenvs/protech-MF7Eh3If-py3.10/lib/python3.10/site-packages/matplotlib/mpl-data/fonts/ttf/cmtt10.ttf', name='cmtt10', style='normal', variant='normal', weight=400, stretch='normal', size='scalable')) = 10.05
2025-12-03 22:34:43,473 - matplotlib.font_manager - DEBUG - findfont: score(FontEntry(fname='/home/max/.cache/pypoetry/virtualenvs/protech-MF7Eh3If-py3.10/lib/python3.10/site-packages/matplotlib/mpl-data/fonts/ttf/STIXSizThreeSymReg.ttf', name='STIXSizeThreeSym', style='normal', variant='normal', weight=400, stretch='normal', size='scalable')) = 10.05
2025-12-03 22:34:43,473 - matplotlib.font_manager - DEBUG - findfont: score(FontEntry(fname='/home/max/.cache/pypoetry/virtualenvs/protech-MF7Eh3If-py3.10/lib/python3.10/site-packages/matplotlib/mpl-data/fonts/ttf/STIXSizOneSymBol.ttf', name='STIXSizeOneSym', style='normal', variant='normal', weight=700, stretch='normal', size='scalable')) = 10.335
2025-12-03 22:34:43,474 - matplotlib.font_manager - DEBUG - findfont: score(FontEntry(fname='/home/max/.cache/pypoetry/virtualenvs/protech-MF7Eh3If-py3.10/lib/python3.10/site-packages/matplotlib/mpl-data/fonts/ttf/DejaVuSerifDisplay.ttf', name='DejaVu Serif Display', style='normal', variant='normal', weight=400, stretch='normal', size='scalable')) = 10.05
2025-12-03 22:34:43,474 - matplotlib.font_manager - DEBUG - findfont: score(FontEntry(fname='/home/max/.cache/pypoetry/virtualenvs/protech-MF7Eh3If-py3.10/lib/python3.10/site-packages/matplotlib/mpl-data/fonts/ttf/DejaVuSerif-Bold.ttf', name='DejaVu Serif', style='normal', variant='normal', weight=700, stretch='normal', size='scalable')) = 10.335
2025-12-03 22:34:43,475 - matplotlib.font_manager - DEBUG - findfont: score(FontEntry(fname='/home/max/.cache/pypoetry/virtualenvs/protech-MF7Eh3If-py3.10/lib/python3.10/site-packages/matplotlib/mpl-data/fonts/ttf/DejaVuSans-Bold.ttf', name='DejaVu Sans', style='normal', variant='normal', weight=700, stretch='normal', size='scalable')) = 0.33499999999999996
2025-12-03 22:34:43,475 - matplotlib.font_manager - DEBUG - findfont: score(FontEntry(fname='/home/max/.cache/pypoetry/virtualenvs/protech-MF7Eh3If-py3.10/lib/python3.10/site-packages/matplotlib/mpl-data/fonts/ttf/cmr10.ttf', name='cmr10', style='normal', variant='normal', weight=400, stretch='normal', size='scalable')) = 10.05
2025-12-03 22:34:43,475 - matplotlib.font_manager - DEBUG - findfont: score(FontEntry(fname='/home/max/.cache/pypoetry/virtualenvs/protech-MF7Eh3If-py3.10/lib/python3.10/site-packages/matplotlib/mpl-data/fonts/ttf/STIXGeneral.ttf', name='STIXGeneral', style='normal', variant='normal', weight=400, stretch='normal', size='scalable')) = 10.05
2025-12-03 22:34:43,476 - matplotlib.font_manager - DEBUG - findfont: score(FontEntry(fname='/home/max/.cache/pypoetry/virtualenvs/protech-MF7Eh3If-py3.10/lib/python3.10/site-packages/matplotlib/mpl-data/fonts/ttf/STIXSizThreeSymBol.ttf', name='STIXSizeThreeSym', style='normal', variant='normal', weight=700, stretch='normal', size='scalable')) = 10.335
2025-12-03 22:34:43,476 - matplotlib.font_manager - DEBUG - findfont: score(FontEntry(fname='/home/max/.cache/pypoetry/virtualenvs/protech-MF7Eh3If-py3.10/lib/python3.10/site-packages/matplotlib/mpl-data/fonts/ttf/DejaVuSansMono-Bold.ttf', name='DejaVu Sans Mono', style='normal', variant='normal', weight=700, stretch='normal', size='scalable')) = 10.335
2025-12-03 22:34:43,477 - matplotlib.font_manager - DEBUG - findfont: score(FontEntry(fname='/home/max/.cache/pypoetry/virtualenvs/protech-MF7Eh3If-py3.10/lib/python3.10/site-packages/matplotlib/mpl-data/fonts/ttf/STIXGeneralItalic.ttf', name='STIXGeneral', style='italic', variant='normal', weight=400, stretch='normal', size='scalable')) = 11.05
2025-12-03 22:34:43,477 - matplotlib.font_manager - DEBUG - findfont: score(FontEntry(fname='/home/max/.cache/pypoetry/virtualenvs/protech-MF7Eh3If-py3.10/lib/python3.10/site-packages/matplotlib/mpl-data/fonts/ttf/DejaVuSans.ttf', name='DejaVu Sans', style='normal', variant='normal', weight=400, stretch='normal', size='scalable')) = 0.05
2025-12-03 22:34:43,477 - matplotlib.font_manager - DEBUG - findfont: score(FontEntry(fname='/home/max/.cache/pypoetry/virtualenvs/protech-MF7Eh3If-py3.10/lib/python3.10/site-packages/matplotlib/mpl-data/fonts/ttf/STIXGeneralBolIta.ttf', name='STIXGeneral', style='italic', variant='normal', weight=700, stretch='normal', size='scalable')) = 11.335
2025-12-03 22:34:43,478 - matplotlib.font_manager - DEBUG - findfont: score(FontEntry(fname='/home/max/.cache/pypoetry/virtualenvs/protech-MF7Eh3If-py3.10/lib/python3.10/site-packages/matplotlib/mpl-data/fonts/ttf/STIXNonUniBolIta.ttf', name='STIXNonUnicode', style='italic', variant='normal', weight=700, stretch='normal', size='scalable')) = 11.335
2025-12-03 22:34:43,478 - matplotlib.font_manager - DEBUG - findfont: score(FontEntry(fname='/home/max/.cache/pypoetry/virtualenvs/protech-MF7Eh3If-py3.10/lib/python3.10/site-packages/matplotlib/mpl-data/fonts/ttf/STIXSizFourSymReg.ttf', name='STIXSizeFourSym', style='normal', variant='normal', weight=400, stretch='normal', size='scalable')) = 10.05
2025-12-03 22:34:43,478 - matplotlib.font_manager - DEBUG - findfont: score(FontEntry(fname='/home/max/.cache/pypoetry/virtualenvs/protech-MF7Eh3If-py3.10/lib/python3.10/site-packages/matplotlib/mpl-data/fonts/ttf/cmss10.ttf', name='cmss10', style='normal', variant='normal', weight=400, stretch='normal', size='scalable')) = 10.05
2025-12-03 22:34:43,479 - matplotlib.font_manager - DEBUG - findfont: score(FontEntry(fname='/home/max/.cache/pypoetry/virtualenvs/protech-MF7Eh3If-py3.10/lib/python3.10/site-packages/matplotlib/mpl-data/fonts/ttf/cmb10.ttf', name='cmb10', style='normal', variant='normal', weight=400, stretch='normal', size='scalable')) = 10.05
2025-12-03 22:34:43,479 - matplotlib.font_manager - DEBUG - findfont: score(FontEntry(fname='/home/max/.cache/pypoetry/virtualenvs/protech-MF7Eh3If-py3.10/lib/python3.10/site-packages/matplotlib/mpl-data/fonts/ttf/DejaVuSerif.ttf', name='DejaVu Serif', style='normal', variant='normal', weight=400, stretch='normal', size='scalable')) = 10.05
2025-12-03 22:34:43,479 - matplotlib.font_manager - DEBUG - findfont: score(FontEntry(fname='/home/max/.cache/pypoetry/virtualenvs/protech-MF7Eh3If-py3.10/lib/python3.10/site-packages/matplotlib/mpl-data/fonts/ttf/STIXSizTwoSymBol.ttf', name='STIXSizeTwoSym', style='normal', variant='normal', weight=700, stretch='normal', size='scalable')) = 10.335
2025-12-03 22:34:43,479 - matplotlib.font_manager - DEBUG - findfont: score(FontEntry(fname='/home/max/.cache/pypoetry/virtualenvs/protech-MF7Eh3If-py3.10/lib/python3.10/site-packages/matplotlib/mpl-data/fonts/ttf/DejaVuSansMono.ttf', name='DejaVu Sans Mono', style='normal', variant='normal', weight=400, stretch='normal', size='scalable')) = 10.05
2025-12-03 22:34:43,480 - matplotlib.font_manager - DEBUG - findfont: score(FontEntry(fname='/home/max/.cache/pypoetry/virtualenvs/protech-MF7Eh3If-py3.10/lib/python3.10/site-packages/matplotlib/mpl-data/fonts/ttf/STIXNonUniBol.ttf', name='STIXNonUnicode', style='normal', variant='normal', weight=700, stretch='normal', size='scalable')) = 10.335
2025-12-03 22:34:43,480 - matplotlib.font_manager - DEBUG - findfont: score(FontEntry(fname='/home/max/.cache/pypoetry/virtualenvs/protech-MF7Eh3If-py3.10/lib/python3.10/site-packages/matplotlib/mpl-data/fonts/ttf/DejaVuSerif-Italic.ttf', name='DejaVu Serif', style='italic', variant='normal', weight=400, stretch='normal', size='scalable')) = 11.05
2025-12-03 22:34:43,480 - matplotlib.font_manager - DEBUG - findfont: score(FontEntry(fname='/home/max/.cache/pypoetry/virtualenvs/protech-MF7Eh3If-py3.10/lib/python3.10/site-packages/matplotlib/mpl-data/fonts/ttf/cmmi10.ttf', name='cmmi10', style='normal', variant='normal', weight=400, stretch='normal', size='scalable')) = 10.05
2025-12-03 22:34:43,480 - matplotlib.font_manager - DEBUG - findfont: score(FontEntry(fname='/home/max/.cache/pypoetry/virtualenvs/protech-MF7Eh3If-py3.10/lib/python3.10/site-packages/matplotlib/mpl-data/fonts/ttf/DejaVuSansMono-Oblique.ttf', name='DejaVu Sans Mono', style='oblique', variant='normal', weight=400, stretch='normal', size='scalable')) = 11.05
2025-12-03 22:34:43,481 - matplotlib.font_manager - DEBUG - findfont: score(FontEntry(fname='/usr/share/fonts/truetype/dejavu/DejaVuSansMono-Bold.ttf', name='DejaVu Sans Mono', style='normal', variant='normal', weight=700, stretch='normal', size='scalable')) = 10.335
2025-12-03 22:34:43,481 - matplotlib.font_manager - DEBUG - findfont: score(FontEntry(fname='/usr/share/fonts/truetype/dejavu/DejaVuSerif-Bold.ttf', name='DejaVu Serif', style='normal', variant='normal', weight=700, stretch='normal', size='scalable')) = 10.335
2025-12-03 22:34:43,481 - matplotlib.font_manager - DEBUG - findfont: score(FontEntry(fname='/usr/share/fonts/truetype/ubuntu/Ubuntu-C.ttf', name='Ubuntu Condensed', style='normal', variant='normal', weight=400, stretch='condensed', size='scalable')) = 10.25
2025-12-03 22:34:43,481 - matplotlib.font_manager - DEBUG - findfont: score(FontEntry(fname='/usr/share/fonts/truetype/dejavu/DejaVuSansMono.ttf', name='DejaVu Sans Mono', style='normal', variant='normal', weight=400, stretch='normal', size='scalable')) = 10.05
2025-12-03 22:34:43,482 - matplotlib.font_manager - DEBUG - findfont: score(FontEntry(fname='/usr/share/fonts/truetype/dejavu/DejaVuSans.ttf', name='DejaVu Sans', style='normal', variant='normal', weight=400, stretch='normal', size='scalable')) = 0.05
2025-12-03 22:34:43,482 - matplotlib.font_manager - DEBUG - findfont: score(FontEntry(fname='/usr/share/fonts/truetype/ubuntu/Ubuntu-BI.ttf', name='Ubuntu', style='italic', variant='normal', weight=700, stretch='normal', size='scalable')) = 11.335
2025-12-03 22:34:43,482 - matplotlib.font_manager - DEBUG - findfont: score(FontEntry(fname='/usr/share/fonts/truetype/ubuntu/Ubuntu-RI.ttf', name='Ubuntu', style='italic', variant='normal', weight=400, stretch='normal', size='scalable')) = 11.05
2025-12-03 22:34:43,482 - matplotlib.font_manager - DEBUG - findfont: score(FontEntry(fname='/usr/share/fonts/truetype/ubuntu/Ubuntu-LI.ttf', name='Ubuntu', style='italic', variant='normal', weight=300, stretch='normal', size='scalable')) = 11.145
2025-12-03 22:34:43,483 - matplotlib.font_manager - DEBUG - findfont: score(FontEntry(fname='/usr/share/fonts/truetype/ubuntu/UbuntuMono-BI.ttf', name='Ubuntu Mono', style='italic', variant='normal', weight=700, stretch='normal', size='scalable')) = 11.335
2025-12-03 22:34:43,483 - matplotlib.font_manager - DEBUG - findfont: score(FontEntry(fname='/usr/share/fonts/truetype/dejavu/DejaVuSerif.ttf', name='DejaVu Serif', style='normal', variant='normal', weight=400, stretch='normal', size='scalable')) = 10.05
2025-12-03 22:34:43,483 - matplotlib.font_manager - DEBUG - findfont: score(FontEntry(fname='/usr/share/fonts/truetype/ubuntu/Ubuntu-B.ttf', name='Ubuntu', style='normal', variant='normal', weight=700, stretch='normal', size='scalable')) = 10.335
2025-12-03 22:34:43,483 - matplotlib.font_manager - DEBUG - findfont: score(FontEntry(fname='/usr/share/fonts/truetype/ubuntu/Ubuntu-Th.ttf', name='Ubuntu', style='normal', variant='normal', weight=250, stretch='normal', size='scalable')) = 10.1925
2025-12-03 22:34:43,483 - matplotlib.font_manager - DEBUG - findfont: score(FontEntry(fname='/usr/share/fonts/truetype/ubuntu/UbuntuMono-B.ttf', name='Ubuntu Mono', style='normal', variant='normal', weight=700, stretch='normal', size='scalable')) = 10.335
2025-12-03 22:34:43,484 - matplotlib.font_manager - DEBUG - findfont: score(FontEntry(fname='/usr/share/fonts/truetype/ubuntu/Ubuntu-L.ttf', name='Ubuntu', style='normal', variant='normal', weight=300, stretch='normal', size='scalable')) = 10.145
2025-12-03 22:34:43,484 - matplotlib.font_manager - DEBUG - findfont: score(FontEntry(fname='/usr/share/fonts/truetype/ubuntu/UbuntuMono-R.ttf', name='Ubuntu Mono', style='normal', variant='normal', weight=400, stretch='normal', size='scalable')) = 10.05
2025-12-03 22:34:43,484 - matplotlib.font_manager - DEBUG - findfont: score(FontEntry(fname='/usr/share/fonts/truetype/ubuntu/UbuntuMono-RI.ttf', name='Ubuntu Mono', style='italic', variant='normal', weight=400, stretch='normal', size='scalable')) = 11.05
2025-12-03 22:34:43,484 - matplotlib.font_manager - DEBUG - findfont: score(FontEntry(fname='/usr/share/fonts/truetype/ubuntu/Ubuntu-R.ttf', name='Ubuntu', style='normal', variant='normal', weight=400, stretch='normal', size='scalable')) = 10.05
2025-12-03 22:34:43,484 - matplotlib.font_manager - DEBUG - findfont: score(FontEntry(fname='/usr/share/fonts/truetype/dejavu/DejaVuSans-Bold.ttf', name='DejaVu Sans', style='normal', variant='normal', weight=700, stretch='normal', size='scalable')) = 0.33499999999999996
2025-12-03 22:34:43,484 - matplotlib.font_manager - DEBUG - findfont: score(FontEntry(fname='/usr/share/fonts/truetype/ubuntu/Ubuntu-MI.ttf', name='Ubuntu', style='italic', variant='normal', weight=500, stretch='normal', size='scalable')) = 11.145
2025-12-03 22:34:43,485 - matplotlib.font_manager - DEBUG - findfont: score(FontEntry(fname='/usr/share/fonts/truetype/ubuntu/Ubuntu-M.ttf', name='Ubuntu', style='normal', variant='normal', weight=500, stretch='normal', size='scalable')) = 10.145
2025-12-03 22:34:43,485 - matplotlib.font_manager - DEBUG - findfont: Matching sans\-serif:style=normal:variant=normal:weight=normal:stretch=normal:size=12.0 to DejaVu Sans ('/home/max/.cache/pypoetry/virtualenvs/protech-MF7Eh3If-py3.10/lib/python3.10/site-packages/matplotlib/mpl-data/fonts/ttf/DejaVuSans.ttf') with score of 0.050000.
2025-12-03 22:34:44,026 - matplotlib.colorbar - DEBUG - colorbar update normal <matplotlib.colors.Normalize object at 0x75a748e6b850> <matplotlib.colors.Normalize object at 0x75a748e6b850>
2025-12-03 22:34:44,028 - matplotlib.colorbar - DEBUG - locator: <matplotlib.ticker.AutoLocator object at 0x75a748e95210>
2025-12-03 22:34:44,030 - matplotlib.colorbar - DEBUG - colorbar update normal <matplotlib.colors.Normalize object at 0x75a748e6b850> <matplotlib.colors.Normalize object at 0x75a748e6b850>
2025-12-03 22:34:44,033 - matplotlib.colorbar - DEBUG - locator: <matplotlib.ticker.AutoLocator object at 0x75a748e95210>
2025-12-03 22:34:44,036 - matplotlib.colorbar - DEBUG - locator: <matplotlib.ticker.AutoLocator object at 0x75a748e23b20>
2025-12-03 22:34:44,167 - matplotlib.colorbar - DEBUG - colorbar update normal <matplotlib.colors.Normalize object at 0x75a748f4ef80> <matplotlib.colors.Normalize object at 0x75a748f4ef80>
2025-12-03 22:34:44,169 - matplotlib.colorbar - DEBUG - locator: <matplotlib.ticker.AutoLocator object at 0x75a748f74940>
2025-12-03 22:34:44,171 - matplotlib.colorbar - DEBUG - colorbar update normal <matplotlib.colors.Normalize object at 0x75a748f4ef80> <matplotlib.colors.Normalize object at 0x75a748f4ef80>
2025-12-03 22:34:44,173 - matplotlib.colorbar - DEBUG - locator: <matplotlib.ticker.AutoLocator object at 0x75a748f74940>
2025-12-03 22:34:44,177 - matplotlib.colorbar - DEBUG - locator: <matplotlib.ticker.AutoLocator object at 0x75a748ef9360>
2025-12-03 22:34:44,326 - matplotlib.colorbar - DEBUG - colorbar update normal <matplotlib.colors.Normalize object at 0x75a749631f90> <matplotlib.colors.Normalize object at 0x75a749631f90>
2025-12-03 22:34:44,328 - matplotlib.colorbar - DEBUG - locator: <matplotlib.ticker.AutoLocator object at 0x75a749633910>
2025-12-03 22:34:44,331 - matplotlib.colorbar - DEBUG - colorbar update normal <matplotlib.colors.Normalize object at 0x75a749631f90> <matplotlib.colors.Normalize object at 0x75a749631f90>
2025-12-03 22:34:44,332 - matplotlib.colorbar - DEBUG - locator: <matplotlib.ticker.AutoLocator object at 0x75a749633910>
2025-12-03 22:34:44,336 - matplotlib.colorbar - DEBUG - locator: <matplotlib.ticker.AutoLocator object at 0x75a749633850>
2025-12-03 22:34:44,485 - matplotlib.colorbar - DEBUG - colorbar update normal <matplotlib.colors.Normalize object at 0x75a749515f30> <matplotlib.colors.Normalize object at 0x75a749515f30>
2025-12-03 22:34:44,487 - matplotlib.colorbar - DEBUG - locator: <matplotlib.ticker.AutoLocator object at 0x75a749517940>
2025-12-03 22:34:44,489 - matplotlib.colorbar - DEBUG - colorbar update normal <matplotlib.colors.Normalize object at 0x75a749515f30> <matplotlib.colors.Normalize object at 0x75a749515f30>
2025-12-03 22:34:44,491 - matplotlib.colorbar - DEBUG - locator: <matplotlib.ticker.AutoLocator object at 0x75a749517940>
2025-12-03 22:34:44,495 - matplotlib.colorbar - DEBUG - locator: <matplotlib.ticker.AutoLocator object at 0x75a749517880>
2025-12-03 22:34:44,710 - matplotlib.colorbar - DEBUG - colorbar update normal <matplotlib.colors.Normalize object at 0x75a7493e31f0> <matplotlib.colors.Normalize object at 0x75a7493e31f0>
2025-12-03 22:34:44,713 - matplotlib.colorbar - DEBUG - locator: <matplotlib.ticker.AutoLocator object at 0x75a7493e3250>
2025-12-03 22:34:44,714 - matplotlib.colorbar - DEBUG - colorbar update normal <matplotlib.colors.Normalize object at 0x75a7493e31f0> <matplotlib.colors.Normalize object at 0x75a7493e31f0>
2025-12-03 22:34:44,716 - matplotlib.colorbar - DEBUG - locator: <matplotlib.ticker.AutoLocator object at 0x75a7493e3250>
2025-12-03 22:34:44,719 - matplotlib.colorbar - DEBUG - locator: <matplotlib.ticker.AutoLocator object at 0x75a7493c6f20>
2025-12-03 22:34:44,387 - matplotlib.colorbar - DEBUG - colorbar update normal <matplotlib.colors.Normalize object at 0x75a7494f5480> <matplotlib.colors.Normalize object at 0x75a7494f5480>
2025-12-03 22:34:44,388 - matplotlib.colorbar - DEBUG - colorbar update normal <matplotlib.colors.Normalize object at 0x75a7494f5480> <matplotlib.colors.Normalize object at 0x75a7494f5480>
2025-12-03 22:34:44,390 - matplotlib.colorbar - DEBUG - locator: <matplotlib.ticker.AutoLocator object at 0x75a74969f100>
2025-12-03 22:34:44,394 - matplotlib.colorbar - DEBUG - locator: <matplotlib.ticker.AutoLocator object at 0x75a74969f100>
2025-12-03 22:34:44,399 - matplotlib.colorbar - DEBUG - locator: <matplotlib.ticker.AutoLocator object at 0x75a7495a0bb0>
2025-12-03 22:34:44,540 - matplotlib.colorbar - DEBUG - colorbar update normal <matplotlib.colors.Normalize object at 0x75a748f2dc90> <matplotlib.colors.Normalize object at 0x75a748f2dc90>
2025-12-03 22:34:44,541 - matplotlib.colorbar - DEBUG - colorbar update normal <matplotlib.colors.Normalize object at 0x75a748f2dc90> <matplotlib.colors.Normalize object at 0x75a748f2dc90>
2025-12-03 22:34:44,543 - matplotlib.colorbar - DEBUG - locator: <matplotlib.ticker.AutoLocator object at 0x75a748f2d330>
2025-12-03 22:34:44,546 - matplotlib.colorbar - DEBUG - locator: <matplotlib.ticker.AutoLocator object at 0x75a748f2d330>
2025-12-03 22:34:44,549 - matplotlib.colorbar - DEBUG - locator: <matplotlib.ticker.AutoLocator object at 0x75a7495c8af0>
2025-12-03 22:34:44,681 - matplotlib.colorbar - DEBUG - colorbar update normal <matplotlib.colors.Normalize object at 0x75a748dddc60> <matplotlib.colors.Normalize object at 0x75a748dddc60>
2025-12-03 22:34:44,682 - matplotlib.colorbar - DEBUG - colorbar update normal <matplotlib.colors.Normalize object at 0x75a748dddc60> <matplotlib.colors.Normalize object at 0x75a748dddc60>
2025-12-03 22:34:44,684 - matplotlib.colorbar - DEBUG - locator: <matplotlib.ticker.AutoLocator object at 0x75a748ddd780>
2025-12-03 22:34:44,686 - matplotlib.colorbar - DEBUG - locator: <matplotlib.ticker.AutoLocator object at 0x75a748ddd780>
2025-12-03 22:34:44,690 - matplotlib.colorbar - DEBUG - locator: <matplotlib.ticker.AutoLocator object at 0x75a748efb250>
2025-12-03 22:34:44,919 - matplotlib.colorbar - DEBUG - colorbar update normal <matplotlib.colors.Normalize object at 0x75a749899c00> <matplotlib.colors.Normalize object at 0x75a749899c00>
2025-12-03 22:34:44,920 - matplotlib.colorbar - DEBUG - colorbar update normal <matplotlib.colors.Normalize object at 0x75a749899c00> <matplotlib.colors.Normalize object at 0x75a749899c00>
2025-12-03 22:34:44,922 - matplotlib.colorbar - DEBUG - locator: <matplotlib.ticker.AutoLocator object at 0x75a7497d5f90>
2025-12-03 22:34:44,925 - matplotlib.colorbar - DEBUG - locator: <matplotlib.ticker.AutoLocator object at 0x75a7497d5f90>
2025-12-03 22:34:44,929 - matplotlib.colorbar - DEBUG - locator: <matplotlib.ticker.AutoLocator object at 0x75a7497d60b0>
2025-12-03 22:34:45,281 - matplotlib.colorbar - DEBUG - colorbar update normal <matplotlib.colors.Normalize object at 0x75a74b8dc850> <matplotlib.colors.Normalize object at 0x75a74b8dc850>
2025-12-03 22:34:45,283 - matplotlib.colorbar - DEBUG - colorbar update normal <matplotlib.colors.Normalize object at 0x75a74b8dc850> <matplotlib.colors.Normalize object at 0x75a74b8dc850>
2025-12-03 22:34:45,285 - matplotlib.colorbar - DEBUG - locator: <matplotlib.ticker.AutoLocator object at 0x75a74b8decb0>
2025-12-03 22:34:45,289 - matplotlib.colorbar - DEBUG - locator: <matplotlib.ticker.AutoLocator object at 0x75a74b8decb0>
2025-12-03 22:34:45,293 - matplotlib.colorbar - DEBUG - locator: <matplotlib.ticker.AutoLocator object at 0x75a74b902a40>
2025-12-03 22:34:45,566 - matplotlib.colorbar - DEBUG - colorbar update normal <matplotlib.colors.Normalize object at 0x75a748e020b0> <matplotlib.colors.Normalize object at 0x75a748e020b0>
2025-12-03 22:34:45,568 - matplotlib.colorbar - DEBUG - colorbar update normal <matplotlib.colors.Normalize object at 0x75a748e020b0> <matplotlib.colors.Normalize object at 0x75a748e020b0>
2025-12-03 22:34:45,571 - matplotlib.colorbar - DEBUG - locator: <matplotlib.ticker.AutoLocator object at 0x75a748e03a60>
2025-12-03 22:34:45,573 - matplotlib.colorbar - DEBUG - locator: <matplotlib.ticker.AutoLocator object at 0x75a748e03a60>
2025-12-03 22:34:45,578 - matplotlib.colorbar - DEBUG - locator: <matplotlib.ticker.AutoLocator object at 0x75a748debd30>
2025-12-03 22:34:45,716 - matplotlib.colorbar - DEBUG - colorbar update normal <matplotlib.colors.Normalize object at 0x75a7495eb970> <matplotlib.colors.Normalize object at 0x75a7495eb970>
2025-12-03 22:34:45,717 - matplotlib.colorbar - DEBUG - colorbar update normal <matplotlib.colors.Normalize object at 0x75a7495eb970> <matplotlib.colors.Normalize object at 0x75a7495eb970>
2025-12-03 22:34:45,719 - matplotlib.colorbar - DEBUG - locator: <matplotlib.ticker.AutoLocator object at 0x75a748fad1b0>
2025-12-03 22:34:45,722 - matplotlib.colorbar - DEBUG - locator: <matplotlib.ticker.AutoLocator object at 0x75a748fad1b0>
2025-12-03 22:34:45,725 - matplotlib.colorbar - DEBUG - locator: <matplotlib.ticker.AutoLocator object at 0x75a748fad0f0>
2025-12-03 22:34:45,854 - matplotlib.colorbar - DEBUG - colorbar update normal <matplotlib.colors.Normalize object at 0x75a749468fa0> <matplotlib.colors.Normalize object at 0x75a749468fa0>
2025-12-03 22:34:45,855 - matplotlib.colorbar - DEBUG - colorbar update normal <matplotlib.colors.Normalize object at 0x75a749468fa0> <matplotlib.colors.Normalize object at 0x75a749468fa0>
2025-12-03 22:34:45,857 - matplotlib.colorbar - DEBUG - locator: <matplotlib.ticker.AutoLocator object at 0x75a74946a830>
2025-12-03 22:34:45,860 - matplotlib.colorbar - DEBUG - locator: <matplotlib.ticker.AutoLocator object at 0x75a74946a830>
2025-12-03 22:34:45,865 - matplotlib.colorbar - DEBUG - locator: <matplotlib.ticker.AutoLocator object at 0x75a74946a770>
2025-12-03 22:34:46,020 - matplotlib.colorbar - DEBUG - colorbar update normal <matplotlib.colors.Normalize object at 0x75a7493488b0> <matplotlib.colors.Normalize object at 0x75a7493488b0>
2025-12-03 22:34:46,021 - matplotlib.colorbar - DEBUG - colorbar update normal <matplotlib.colors.Normalize object at 0x75a7493488b0> <matplotlib.colors.Normalize object at 0x75a7493488b0>
2025-12-03 22:34:46,023 - matplotlib.colorbar - DEBUG - locator: <matplotlib.ticker.AutoLocator object at 0x75a74934a260>
2025-12-03 22:34:46,026 - matplotlib.colorbar - DEBUG - locator: <matplotlib.ticker.AutoLocator object at 0x75a74934a260>
2025-12-03 22:34:46,030 - matplotlib.colorbar - DEBUG - locator: <matplotlib.ticker.AutoLocator object at 0x75a74934a1a0>
2025-12-03 22:34:46,180 - matplotlib.colorbar - DEBUG - colorbar update normal <matplotlib.colors.Normalize object at 0x75a7491f7d30> <matplotlib.colors.Normalize object at 0x75a7491f7d30>
2025-12-03 22:34:46,181 - matplotlib.colorbar - DEBUG - colorbar update normal <matplotlib.colors.Normalize object at 0x75a7491f7d30> <matplotlib.colors.Normalize object at 0x75a7491f7d30>
2025-12-03 22:34:46,183 - matplotlib.colorbar - DEBUG - locator: <matplotlib.ticker.AutoLocator object at 0x75a74921d720>
2025-12-03 22:34:46,186 - matplotlib.colorbar - DEBUG - locator: <matplotlib.ticker.AutoLocator object at 0x75a74921d720>
2025-12-03 22:34:46,189 - matplotlib.colorbar - DEBUG - locator: <matplotlib.ticker.AutoLocator object at 0x75a74921d660>
2025-12-03 22:34:46,400 - matplotlib.colorbar - DEBUG - colorbar update normal <matplotlib.colors.Normalize object at 0x75a7490cada0> <matplotlib.colors.Normalize object at 0x75a7490cada0>
2025-12-03 22:34:46,401 - matplotlib.colorbar - DEBUG - colorbar update normal <matplotlib.colors.Normalize object at 0x75a7490cada0> <matplotlib.colors.Normalize object at 0x75a7490cada0>
2025-12-03 22:34:46,403 - matplotlib.colorbar - DEBUG - locator: <matplotlib.ticker.AutoLocator object at 0x75a7490ec790>
2025-12-03 22:34:46,405 - matplotlib.colorbar - DEBUG - locator: <matplotlib.ticker.AutoLocator object at 0x75a7490ec790>
2025-12-03 22:34:46,409 - matplotlib.colorbar - DEBUG - locator: <matplotlib.ticker.AutoLocator object at 0x75a7490ec6d0>
2025-12-03 22:34:46,657 - matplotlib.colorbar - DEBUG - colorbar update normal <matplotlib.colors.Normalize object at 0x75a749287010> <matplotlib.colors.Normalize object at 0x75a749287010>
2025-12-03 22:34:46,658 - matplotlib.colorbar - DEBUG - colorbar update normal <matplotlib.colors.Normalize object at 0x75a749287010> <matplotlib.colors.Normalize object at 0x75a749287010>
2025-12-03 22:34:46,659 - matplotlib.colorbar - DEBUG - locator: <matplotlib.ticker.AutoLocator object at 0x75a749286590>
2025-12-03 22:34:46,663 - matplotlib.colorbar - DEBUG - locator: <matplotlib.ticker.AutoLocator object at 0x75a749286590>
2025-12-03 22:34:46,666 - matplotlib.colorbar - DEBUG - locator: <matplotlib.ticker.AutoLocator object at 0x75a7492844f0>
2025-12-03 22:34:46,823 - matplotlib.colorbar - DEBUG - colorbar update normal <matplotlib.colors.Normalize object at 0x75a7491b95d0> <matplotlib.colors.Normalize object at 0x75a7491b95d0>
2025-12-03 22:34:46,824 - matplotlib.colorbar - DEBUG - colorbar update normal <matplotlib.colors.Normalize object at 0x75a7491b95d0> <matplotlib.colors.Normalize object at 0x75a7491b95d0>
2025-12-03 22:34:46,826 - matplotlib.colorbar - DEBUG - locator: <matplotlib.ticker.AutoLocator object at 0x75a74936a1a0>
2025-12-03 22:34:46,828 - matplotlib.colorbar - DEBUG - locator: <matplotlib.ticker.AutoLocator object at 0x75a74936a1a0>
2025-12-03 22:34:46,832 - matplotlib.colorbar - DEBUG - locator: <matplotlib.ticker.AutoLocator object at 0x75a74936a050>
2025-12-03 22:34:46,997 - matplotlib.colorbar - DEBUG - colorbar update normal <matplotlib.colors.Normalize object at 0x75a748ee21d0> <matplotlib.colors.Normalize object at 0x75a748ee21d0>
2025-12-03 22:34:46,998 - matplotlib.colorbar - DEBUG - colorbar update normal <matplotlib.colors.Normalize object at 0x75a748ee21d0> <matplotlib.colors.Normalize object at 0x75a748ee21d0>
2025-12-03 22:34:47,000 - matplotlib.colorbar - DEBUG - locator: <matplotlib.ticker.AutoLocator object at 0x75a748f777c0>
2025-12-03 22:34:47,002 - matplotlib.colorbar - DEBUG - locator: <matplotlib.ticker.AutoLocator object at 0x75a748f777c0>
2025-12-03 22:34:47,005 - matplotlib.colorbar - DEBUG - locator: <matplotlib.ticker.AutoLocator object at 0x75a748f772e0>
2025-12-03 22:34:47,152 - matplotlib.colorbar - DEBUG - colorbar update normal <matplotlib.colors.Normalize object at 0x75a74963faf0> <matplotlib.colors.Normalize object at 0x75a74963faf0>
2025-12-03 22:34:47,153 - matplotlib.colorbar - DEBUG - colorbar update normal <matplotlib.colors.Normalize object at 0x75a74963faf0> <matplotlib.colors.Normalize object at 0x75a74963faf0>
2025-12-03 22:34:47,155 - matplotlib.colorbar - DEBUG - locator: <matplotlib.ticker.AutoLocator object at 0x75a74963f220>
2025-12-03 22:34:47,158 - matplotlib.colorbar - DEBUG - locator: <matplotlib.ticker.AutoLocator object at 0x75a74963f220>
2025-12-03 22:34:47,161 - matplotlib.colorbar - DEBUG - locator: <matplotlib.ticker.AutoLocator object at 0x75a748f6f250>
2025-12-03 22:34:47,366 - matplotlib.colorbar - DEBUG - colorbar update normal <matplotlib.colors.Normalize object at 0x75a7496131f0> <matplotlib.colors.Normalize object at 0x75a7496131f0>
2025-12-03 22:34:47,367 - matplotlib.colorbar - DEBUG - colorbar update normal <matplotlib.colors.Normalize object at 0x75a7496131f0> <matplotlib.colors.Normalize object at 0x75a7496131f0>
2025-12-03 22:34:47,369 - matplotlib.colorbar - DEBUG - locator: <matplotlib.ticker.AutoLocator object at 0x75a7496125f0>
2025-12-03 22:34:47,372 - matplotlib.colorbar - DEBUG - locator: <matplotlib.ticker.AutoLocator object at 0x75a7496125f0>
2025-12-03 22:34:47,376 - matplotlib.colorbar - DEBUG - locator: <matplotlib.ticker.AutoLocator object at 0x75a749612680>
2025-12-03 22:34:47,518 - matplotlib.colorbar - DEBUG - colorbar update normal <matplotlib.colors.Normalize object at 0x75a748dce7a0> <matplotlib.colors.Normalize object at 0x75a748dce7a0>
2025-12-03 22:34:47,519 - matplotlib.colorbar - DEBUG - colorbar update normal <matplotlib.colors.Normalize object at 0x75a748dce7a0> <matplotlib.colors.Normalize object at 0x75a748dce7a0>
2025-12-03 22:34:47,521 - matplotlib.colorbar - DEBUG - locator: <matplotlib.ticker.AutoLocator object at 0x75a74ba209a0>
2025-12-03 22:34:47,524 - matplotlib.colorbar - DEBUG - locator: <matplotlib.ticker.AutoLocator object at 0x75a74ba209a0>
2025-12-03 22:34:47,528 - matplotlib.colorbar - DEBUG - locator: <matplotlib.ticker.AutoLocator object at 0x75a7497d5a80>
2025-12-03 22:34:47,670 - matplotlib.colorbar - DEBUG - colorbar update normal <matplotlib.colors.Normalize object at 0x75a7496bab30> <matplotlib.colors.Normalize object at 0x75a7496bab30>
2025-12-03 22:34:47,672 - matplotlib.colorbar - DEBUG - locator: <matplotlib.ticker.AutoLocator object at 0x75a74b98f3a0>
2025-12-03 22:34:47,674 - matplotlib.colorbar - DEBUG - colorbar update normal <matplotlib.colors.Normalize object at 0x75a7496bab30> <matplotlib.colors.Normalize object at 0x75a7496bab30>
2025-12-03 22:34:47,677 - matplotlib.colorbar - DEBUG - locator: <matplotlib.ticker.AutoLocator object at 0x75a74b98f3a0>
2025-12-03 22:34:47,680 - matplotlib.colorbar - DEBUG - locator: <matplotlib.ticker.AutoLocator object at 0x75a7497d4190>
2025-12-03 22:34:47,722 - matplotlib.font_manager - DEBUG - findfont: Matching sans\-serif:style=normal:variant=normal:weight=bold:stretch=normal:size=12.0.
2025-12-03 22:34:47,723 - matplotlib.font_manager - DEBUG - findfont: score(FontEntry(fname='/home/max/.cache/pypoetry/virtualenvs/protech-MF7Eh3If-py3.10/lib/python3.10/site-packages/matplotlib/mpl-data/fonts/ttf/STIXSizFiveSymReg.ttf', name='STIXSizeFiveSym', style='normal', variant='normal', weight=400, stretch='normal', size='scalable')) = 10.335
2025-12-03 22:34:47,724 - matplotlib.font_manager - DEBUG - findfont: score(FontEntry(fname='/home/max/.cache/pypoetry/virtualenvs/protech-MF7Eh3If-py3.10/lib/python3.10/site-packages/matplotlib/mpl-data/fonts/ttf/DejaVuSansMono-BoldOblique.ttf', name='DejaVu Sans Mono', style='oblique', variant='normal', weight=700, stretch='normal', size='scalable')) = 11.05
2025-12-03 22:34:47,724 - matplotlib.font_manager - DEBUG - findfont: score(FontEntry(fname='/home/max/.cache/pypoetry/virtualenvs/protech-MF7Eh3If-py3.10/lib/python3.10/site-packages/matplotlib/mpl-data/fonts/ttf/STIXNonUni.ttf', name='STIXNonUnicode', style='normal', variant='normal', weight=400, stretch='normal', size='scalable')) = 10.335
2025-12-03 22:34:47,724 - matplotlib.font_manager - DEBUG - findfont: score(FontEntry(fname='/home/max/.cache/pypoetry/virtualenvs/protech-MF7Eh3If-py3.10/lib/python3.10/site-packages/matplotlib/mpl-data/fonts/ttf/STIXNonUniIta.ttf', name='STIXNonUnicode', style='italic', variant='normal', weight=400, stretch='normal', size='scalable')) = 11.335
2025-12-03 22:34:47,725 - matplotlib.font_manager - DEBUG - findfont: score(FontEntry(fname='/home/max/.cache/pypoetry/virtualenvs/protech-MF7Eh3If-py3.10/lib/python3.10/site-packages/matplotlib/mpl-data/fonts/ttf/cmsy10.ttf', name='cmsy10', style='normal', variant='normal', weight=400, stretch='normal', size='scalable')) = 10.335
2025-12-03 22:34:47,725 - matplotlib.font_manager - DEBUG - findfont: score(FontEntry(fname='/home/max/.cache/pypoetry/virtualenvs/protech-MF7Eh3If-py3.10/lib/python3.10/site-packages/matplotlib/mpl-data/fonts/ttf/DejaVuSans-BoldOblique.ttf', name='DejaVu Sans', style='oblique', variant='normal', weight=700, stretch='normal', size='scalable')) = 1.05
2025-12-03 22:34:47,726 - matplotlib.font_manager - DEBUG - findfont: score(FontEntry(fname='/home/max/.cache/pypoetry/virtualenvs/protech-MF7Eh3If-py3.10/lib/python3.10/site-packages/matplotlib/mpl-data/fonts/ttf/STIXSizFourSymBol.ttf', name='STIXSizeFourSym', style='normal', variant='normal', weight=700, stretch='normal', size='scalable')) = 10.05
2025-12-03 22:34:47,726 - matplotlib.font_manager - DEBUG - findfont: score(FontEntry(fname='/home/max/.cache/pypoetry/virtualenvs/protech-MF7Eh3If-py3.10/lib/python3.10/site-packages/matplotlib/mpl-data/fonts/ttf/STIXSizTwoSymReg.ttf', name='STIXSizeTwoSym', style='normal', variant='normal', weight=400, stretch='normal', size='scalable')) = 10.335
2025-12-03 22:34:47,727 - matplotlib.font_manager - DEBUG - findfont: score(FontEntry(fname='/home/max/.cache/pypoetry/virtualenvs/protech-MF7Eh3If-py3.10/lib/python3.10/site-packages/matplotlib/mpl-data/fonts/ttf/DejaVuSansDisplay.ttf', name='DejaVu Sans Display', style='normal', variant='normal', weight=400, stretch='normal', size='scalable')) = 10.335
2025-12-03 22:34:47,727 - matplotlib.font_manager - DEBUG - findfont: score(FontEntry(fname='/home/max/.cache/pypoetry/virtualenvs/protech-MF7Eh3If-py3.10/lib/python3.10/site-packages/matplotlib/mpl-data/fonts/ttf/STIXSizOneSymReg.ttf', name='STIXSizeOneSym', style='normal', variant='normal', weight=400, stretch='normal', size='scalable')) = 10.335
2025-12-03 22:34:47,727 - matplotlib.font_manager - DEBUG - findfont: score(FontEntry(fname='/home/max/.cache/pypoetry/virtualenvs/protech-MF7Eh3If-py3.10/lib/python3.10/site-packages/matplotlib/mpl-data/fonts/ttf/cmex10.ttf', name='cmex10', style='normal', variant='normal', weight=400, stretch='normal', size='scalable')) = 10.335
2025-12-03 22:34:47,728 - matplotlib.font_manager - DEBUG - findfont: score(FontEntry(fname='/home/max/.cache/pypoetry/virtualenvs/protech-MF7Eh3If-py3.10/lib/python3.10/site-packages/matplotlib/mpl-data/fonts/ttf/STIXGeneralBol.ttf', name='STIXGeneral', style='normal', variant='normal', weight=700, stretch='normal', size='scalable')) = 10.05
2025-12-03 22:34:47,728 - matplotlib.font_manager - DEBUG - findfont: score(FontEntry(fname='/home/max/.cache/pypoetry/virtualenvs/protech-MF7Eh3If-py3.10/lib/python3.10/site-packages/matplotlib/mpl-data/fonts/ttf/DejaVuSerif-BoldItalic.ttf', name='DejaVu Serif', style='italic', variant='normal', weight=700, stretch='normal', size='scalable')) = 11.05
2025-12-03 22:34:47,728 - matplotlib.font_manager - DEBUG - findfont: score(FontEntry(fname='/home/max/.cache/pypoetry/virtualenvs/protech-MF7Eh3If-py3.10/lib/python3.10/site-packages/matplotlib/mpl-data/fonts/ttf/DejaVuSans-Oblique.ttf', name='DejaVu Sans', style='oblique', variant='normal', weight=400, stretch='normal', size='scalable')) = 1.335
2025-12-03 22:34:47,729 - matplotlib.font_manager - DEBUG - findfont: score(FontEntry(fname='/home/max/.cache/pypoetry/virtualenvs/protech-MF7Eh3If-py3.10/lib/python3.10/site-packages/matplotlib/mpl-data/fonts/ttf/cmtt10.ttf', name='cmtt10', style='normal', variant='normal', weight=400, stretch='normal', size='scalable')) = 10.335
2025-12-03 22:34:47,729 - matplotlib.font_manager - DEBUG - findfont: score(FontEntry(fname='/home/max/.cache/pypoetry/virtualenvs/protech-MF7Eh3If-py3.10/lib/python3.10/site-packages/matplotlib/mpl-data/fonts/ttf/STIXSizThreeSymReg.ttf', name='STIXSizeThreeSym', style='normal', variant='normal', weight=400, stretch='normal', size='scalable')) = 10.335
2025-12-03 22:34:47,730 - matplotlib.font_manager - DEBUG - findfont: score(FontEntry(fname='/home/max/.cache/pypoetry/virtualenvs/protech-MF7Eh3If-py3.10/lib/python3.10/site-packages/matplotlib/mpl-data/fonts/ttf/STIXSizOneSymBol.ttf', name='STIXSizeOneSym', style='normal', variant='normal', weight=700, stretch='normal', size='scalable')) = 10.05
2025-12-03 22:34:47,730 - matplotlib.font_manager - DEBUG - findfont: score(FontEntry(fname='/home/max/.cache/pypoetry/virtualenvs/protech-MF7Eh3If-py3.10/lib/python3.10/site-packages/matplotlib/mpl-data/fonts/ttf/DejaVuSerifDisplay.ttf', name='DejaVu Serif Display', style='normal', variant='normal', weight=400, stretch='normal', size='scalable')) = 10.335
2025-12-03 22:34:47,730 - matplotlib.font_manager - DEBUG - findfont: score(FontEntry(fname='/home/max/.cache/pypoetry/virtualenvs/protech-MF7Eh3If-py3.10/lib/python3.10/site-packages/matplotlib/mpl-data/fonts/ttf/DejaVuSerif-Bold.ttf', name='DejaVu Serif', style='normal', variant='normal', weight=700, stretch='normal', size='scalable')) = 10.05
2025-12-03 22:34:47,731 - matplotlib.font_manager - DEBUG - findfont: score(FontEntry(fname='/home/max/.cache/pypoetry/virtualenvs/protech-MF7Eh3If-py3.10/lib/python3.10/site-packages/matplotlib/mpl-data/fonts/ttf/DejaVuSans-Bold.ttf', name='DejaVu Sans', style='normal', variant='normal', weight=700, stretch='normal', size='scalable')) = 0.05
2025-12-03 22:34:47,731 - matplotlib.font_manager - DEBUG - findfont: score(FontEntry(fname='/home/max/.cache/pypoetry/virtualenvs/protech-MF7Eh3If-py3.10/lib/python3.10/site-packages/matplotlib/mpl-data/fonts/ttf/cmr10.ttf', name='cmr10', style='normal', variant='normal', weight=400, stretch='normal', size='scalable')) = 10.335
2025-12-03 22:34:47,732 - matplotlib.font_manager - DEBUG - findfont: score(FontEntry(fname='/home/max/.cache/pypoetry/virtualenvs/protech-MF7Eh3If-py3.10/lib/python3.10/site-packages/matplotlib/mpl-data/fonts/ttf/STIXGeneral.ttf', name='STIXGeneral', style='normal', variant='normal', weight=400, stretch='normal', size='scalable')) = 10.335
2025-12-03 22:34:47,732 - matplotlib.font_manager - DEBUG - findfont: score(FontEntry(fname='/home/max/.cache/pypoetry/virtualenvs/protech-MF7Eh3If-py3.10/lib/python3.10/site-packages/matplotlib/mpl-data/fonts/ttf/STIXSizThreeSymBol.ttf', name='STIXSizeThreeSym', style='normal', variant='normal', weight=700, stretch='normal', size='scalable')) = 10.05
2025-12-03 22:34:47,732 - matplotlib.font_manager - DEBUG - findfont: score(FontEntry(fname='/home/max/.cache/pypoetry/virtualenvs/protech-MF7Eh3If-py3.10/lib/python3.10/site-packages/matplotlib/mpl-data/fonts/ttf/DejaVuSansMono-Bold.ttf', name='DejaVu Sans Mono', style='normal', variant='normal', weight=700, stretch='normal', size='scalable')) = 10.05
2025-12-03 22:34:47,733 - matplotlib.font_manager - DEBUG - findfont: score(FontEntry(fname='/home/max/.cache/pypoetry/virtualenvs/protech-MF7Eh3If-py3.10/lib/python3.10/site-packages/matplotlib/mpl-data/fonts/ttf/STIXGeneralItalic.ttf', name='STIXGeneral', style='italic', variant='normal', weight=400, stretch='normal', size='scalable')) = 11.335
2025-12-03 22:34:47,733 - matplotlib.font_manager - DEBUG - findfont: score(FontEntry(fname='/home/max/.cache/pypoetry/virtualenvs/protech-MF7Eh3If-py3.10/lib/python3.10/site-packages/matplotlib/mpl-data/fonts/ttf/DejaVuSans.ttf', name='DejaVu Sans', style='normal', variant='normal', weight=400, stretch='normal', size='scalable')) = 0.33499999999999996
2025-12-03 22:34:47,733 - matplotlib.font_manager - DEBUG - findfont: score(FontEntry(fname='/home/max/.cache/pypoetry/virtualenvs/protech-MF7Eh3If-py3.10/lib/python3.10/site-packages/matplotlib/mpl-data/fonts/ttf/STIXGeneralBolIta.ttf', name='STIXGeneral', style='italic', variant='normal', weight=700, stretch='normal', size='scalable')) = 11.05
2025-12-03 22:34:47,734 - matplotlib.font_manager - DEBUG - findfont: score(FontEntry(fname='/home/max/.cache/pypoetry/virtualenvs/protech-MF7Eh3If-py3.10/lib/python3.10/site-packages/matplotlib/mpl-data/fonts/ttf/STIXNonUniBolIta.ttf', name='STIXNonUnicode', style='italic', variant='normal', weight=700, stretch='normal', size='scalable')) = 11.05
2025-12-03 22:34:47,734 - matplotlib.font_manager - DEBUG - findfont: score(FontEntry(fname='/home/max/.cache/pypoetry/virtualenvs/protech-MF7Eh3If-py3.10/lib/python3.10/site-packages/matplotlib/mpl-data/fonts/ttf/STIXSizFourSymReg.ttf', name='STIXSizeFourSym', style='normal', variant='normal', weight=400, stretch='normal', size='scalable')) = 10.335
2025-12-03 22:34:47,734 - matplotlib.font_manager - DEBUG - findfont: score(FontEntry(fname='/home/max/.cache/pypoetry/virtualenvs/protech-MF7Eh3If-py3.10/lib/python3.10/site-packages/matplotlib/mpl-data/fonts/ttf/cmss10.ttf', name='cmss10', style='normal', variant='normal', weight=400, stretch='normal', size='scalable')) = 10.335
2025-12-03 22:34:47,735 - matplotlib.font_manager - DEBUG - findfont: score(FontEntry(fname='/home/max/.cache/pypoetry/virtualenvs/protech-MF7Eh3If-py3.10/lib/python3.10/site-packages/matplotlib/mpl-data/fonts/ttf/cmb10.ttf', name='cmb10', style='normal', variant='normal', weight=400, stretch='normal', size='scalable')) = 10.335
2025-12-03 22:34:47,735 - matplotlib.font_manager - DEBUG - findfont: score(FontEntry(fname='/home/max/.cache/pypoetry/virtualenvs/protech-MF7Eh3If-py3.10/lib/python3.10/site-packages/matplotlib/mpl-data/fonts/ttf/DejaVuSerif.ttf', name='DejaVu Serif', style='normal', variant='normal', weight=400, stretch='normal', size='scalable')) = 10.335
2025-12-03 22:34:47,735 - matplotlib.font_manager - DEBUG - findfont: score(FontEntry(fname='/home/max/.cache/pypoetry/virtualenvs/protech-MF7Eh3If-py3.10/lib/python3.10/site-packages/matplotlib/mpl-data/fonts/ttf/STIXSizTwoSymBol.ttf', name='STIXSizeTwoSym', style='normal', variant='normal', weight=700, stretch='normal', size='scalable')) = 10.05
2025-12-03 22:34:47,736 - matplotlib.font_manager - DEBUG - findfont: score(FontEntry(fname='/home/max/.cache/pypoetry/virtualenvs/protech-MF7Eh3If-py3.10/lib/python3.10/site-packages/matplotlib/mpl-data/fonts/ttf/DejaVuSansMono.ttf', name='DejaVu Sans Mono', style='normal', variant='normal', weight=400, stretch='normal', size='scalable')) = 10.335
2025-12-03 22:34:47,736 - matplotlib.font_manager - DEBUG - findfont: score(FontEntry(fname='/home/max/.cache/pypoetry/virtualenvs/protech-MF7Eh3If-py3.10/lib/python3.10/site-packages/matplotlib/mpl-data/fonts/ttf/STIXNonUniBol.ttf', name='STIXNonUnicode', style='normal', variant='normal', weight=700, stretch='normal', size='scalable')) = 10.05
2025-12-03 22:34:47,736 - matplotlib.font_manager - DEBUG - findfont: score(FontEntry(fname='/home/max/.cache/pypoetry/virtualenvs/protech-MF7Eh3If-py3.10/lib/python3.10/site-packages/matplotlib/mpl-data/fonts/ttf/DejaVuSerif-Italic.ttf', name='DejaVu Serif', style='italic', variant='normal', weight=400, stretch='normal', size='scalable')) = 11.335
2025-12-03 22:34:47,736 - matplotlib.font_manager - DEBUG - findfont: score(FontEntry(fname='/home/max/.cache/pypoetry/virtualenvs/protech-MF7Eh3If-py3.10/lib/python3.10/site-packages/matplotlib/mpl-data/fonts/ttf/cmmi10.ttf', name='cmmi10', style='normal', variant='normal', weight=400, stretch='normal', size='scalable')) = 10.335
2025-12-03 22:34:47,736 - matplotlib.font_manager - DEBUG - findfont: score(FontEntry(fname='/home/max/.cache/pypoetry/virtualenvs/protech-MF7Eh3If-py3.10/lib/python3.10/site-packages/matplotlib/mpl-data/fonts/ttf/DejaVuSansMono-Oblique.ttf', name='DejaVu Sans Mono', style='oblique', variant='normal', weight=400, stretch='normal', size='scalable')) = 11.335
2025-12-03 22:34:47,737 - matplotlib.font_manager - DEBUG - findfont: score(FontEntry(fname='/usr/share/fonts/truetype/dejavu/DejaVuSansMono-Bold.ttf', name='DejaVu Sans Mono', style='normal', variant='normal', weight=700, stretch='normal', size='scalable')) = 10.05
2025-12-03 22:34:47,737 - matplotlib.font_manager - DEBUG - findfont: score(FontEntry(fname='/usr/share/fonts/truetype/dejavu/DejaVuSerif-Bold.ttf', name='DejaVu Serif', style='normal', variant='normal', weight=700, stretch='normal', size='scalable')) = 10.05
2025-12-03 22:34:47,737 - matplotlib.font_manager - DEBUG - findfont: score(FontEntry(fname='/usr/share/fonts/truetype/ubuntu/Ubuntu-C.ttf', name='Ubuntu Condensed', style='normal', variant='normal', weight=400, stretch='condensed', size='scalable')) = 10.535
2025-12-03 22:34:47,737 - matplotlib.font_manager - DEBUG - findfont: score(FontEntry(fname='/usr/share/fonts/truetype/dejavu/DejaVuSansMono.ttf', name='DejaVu Sans Mono', style='normal', variant='normal', weight=400, stretch='normal', size='scalable')) = 10.335
2025-12-03 22:34:47,737 - matplotlib.font_manager - DEBUG - findfont: score(FontEntry(fname='/usr/share/fonts/truetype/dejavu/DejaVuSans.ttf', name='DejaVu Sans', style='normal', variant='normal', weight=400, stretch='normal', size='scalable')) = 0.33499999999999996
2025-12-03 22:34:47,737 - matplotlib.font_manager - DEBUG - findfont: score(FontEntry(fname='/usr/share/fonts/truetype/ubuntu/Ubuntu-BI.ttf', name='Ubuntu', style='italic', variant='normal', weight=700, stretch='normal', size='scalable')) = 11.05
2025-12-03 22:34:47,738 - matplotlib.font_manager - DEBUG - findfont: score(FontEntry(fname='/usr/share/fonts/truetype/ubuntu/Ubuntu-RI.ttf', name='Ubuntu', style='italic', variant='normal', weight=400, stretch='normal', size='scalable')) = 11.335
2025-12-03 22:34:47,738 - matplotlib.font_manager - DEBUG - findfont: score(FontEntry(fname='/usr/share/fonts/truetype/ubuntu/Ubuntu-LI.ttf', name='Ubuntu', style='italic', variant='normal', weight=300, stretch='normal', size='scalable')) = 11.43
2025-12-03 22:34:47,738 - matplotlib.font_manager - DEBUG - findfont: score(FontEntry(fname='/usr/share/fonts/truetype/ubuntu/UbuntuMono-BI.ttf', name='Ubuntu Mono', style='italic', variant='normal', weight=700, stretch='normal', size='scalable')) = 11.05
2025-12-03 22:34:47,738 - matplotlib.font_manager - DEBUG - findfont: score(FontEntry(fname='/usr/share/fonts/truetype/dejavu/DejaVuSerif.ttf', name='DejaVu Serif', style='normal', variant='normal', weight=400, stretch='normal', size='scalable')) = 10.335
2025-12-03 22:34:47,738 - matplotlib.font_manager - DEBUG - findfont: score(FontEntry(fname='/usr/share/fonts/truetype/ubuntu/Ubuntu-B.ttf', name='Ubuntu', style='normal', variant='normal', weight=700, stretch='normal', size='scalable')) = 10.05
2025-12-03 22:34:47,738 - matplotlib.font_manager - DEBUG - findfont: score(FontEntry(fname='/usr/share/fonts/truetype/ubuntu/Ubuntu-Th.ttf', name='Ubuntu', style='normal', variant='normal', weight=250, stretch='normal', size='scalable')) = 10.4775
2025-12-03 22:34:47,739 - matplotlib.font_manager - DEBUG - findfont: score(FontEntry(fname='/usr/share/fonts/truetype/ubuntu/UbuntuMono-B.ttf', name='Ubuntu Mono', style='normal', variant='normal', weight=700, stretch='normal', size='scalable')) = 10.05
2025-12-03 22:34:47,739 - matplotlib.font_manager - DEBUG - findfont: score(FontEntry(fname='/usr/share/fonts/truetype/ubuntu/Ubuntu-L.ttf', name='Ubuntu', style='normal', variant='normal', weight=300, stretch='normal', size='scalable')) = 10.43
2025-12-03 22:34:47,739 - matplotlib.font_manager - DEBUG - findfont: score(FontEntry(fname='/usr/share/fonts/truetype/ubuntu/UbuntuMono-R.ttf', name='Ubuntu Mono', style='normal', variant='normal', weight=400, stretch='normal', size='scalable')) = 10.335
2025-12-03 22:34:47,739 - matplotlib.font_manager - DEBUG - findfont: score(FontEntry(fname='/usr/share/fonts/truetype/ubuntu/UbuntuMono-RI.ttf', name='Ubuntu Mono', style='italic', variant='normal', weight=400, stretch='normal', size='scalable')) = 11.335
2025-12-03 22:34:47,739 - matplotlib.font_manager - DEBUG - findfont: score(FontEntry(fname='/usr/share/fonts/truetype/ubuntu/Ubuntu-R.ttf', name='Ubuntu', style='normal', variant='normal', weight=400, stretch='normal', size='scalable')) = 10.335
2025-12-03 22:34:47,740 - matplotlib.font_manager - DEBUG - findfont: score(FontEntry(fname='/usr/share/fonts/truetype/dejavu/DejaVuSans-Bold.ttf', name='DejaVu Sans', style='normal', variant='normal', weight=700, stretch='normal', size='scalable')) = 0.05
2025-12-03 22:34:47,740 - matplotlib.font_manager - DEBUG - findfont: score(FontEntry(fname='/usr/share/fonts/truetype/ubuntu/Ubuntu-MI.ttf', name='Ubuntu', style='italic', variant='normal', weight=500, stretch='normal', size='scalable')) = 11.24
2025-12-03 22:34:47,740 - matplotlib.font_manager - DEBUG - findfont: score(FontEntry(fname='/usr/share/fonts/truetype/ubuntu/Ubuntu-M.ttf', name='Ubuntu', style='normal', variant='normal', weight=500, stretch='normal', size='scalable')) = 10.24
2025-12-03 22:34:47,740 - matplotlib.font_manager - DEBUG - findfont: Matching sans\-serif:style=normal:variant=normal:weight=bold:stretch=normal:size=12.0 to DejaVu Sans ('/home/max/.cache/pypoetry/virtualenvs/protech-MF7Eh3If-py3.10/lib/python3.10/site-packages/matplotlib/mpl-data/fonts/ttf/DejaVuSans-Bold.ttf') with score of 0.050000.
2025-12-03 22:34:47,840 - matplotlib.colorbar - DEBUG - colorbar update normal <matplotlib.colors.Normalize object at 0x75a749796ad0> <matplotlib.colors.Normalize object at 0x75a749796ad0>
2025-12-03 22:34:47,844 - matplotlib.colorbar - DEBUG - locator: <matplotlib.ticker.AutoLocator object at 0x75a749794bb0>
2025-12-03 22:34:47,846 - matplotlib.colorbar - DEBUG - colorbar update normal <matplotlib.colors.Normalize object at 0x75a749796ad0> <matplotlib.colors.Normalize object at 0x75a749796ad0>
2025-12-03 22:34:47,848 - matplotlib.colorbar - DEBUG - locator: <matplotlib.ticker.AutoLocator object at 0x75a749794bb0>
2025-12-03 22:34:47,852 - matplotlib.colorbar - DEBUG - locator: <matplotlib.ticker.AutoLocator object at 0x75a749794b50>
2025-12-03 22:34:47,993 - matplotlib.colorbar - DEBUG - colorbar update normal <matplotlib.colors.Normalize object at 0x75a7495dbaf0> <matplotlib.colors.Normalize object at 0x75a7495dbaf0>
2025-12-03 22:34:47,995 - matplotlib.colorbar - DEBUG - locator: <matplotlib.ticker.AutoLocator object at 0x75a74969d7e0>
2025-12-03 22:34:47,998 - matplotlib.colorbar - DEBUG - colorbar update normal <matplotlib.colors.Normalize object at 0x75a7495dbaf0> <matplotlib.colors.Normalize object at 0x75a7495dbaf0>
2025-12-03 22:34:48,000 - matplotlib.colorbar - DEBUG - locator: <matplotlib.ticker.AutoLocator object at 0x75a74969d7e0>
2025-12-03 22:34:48,003 - matplotlib.colorbar - DEBUG - locator: <matplotlib.ticker.AutoLocator object at 0x75a74969e4d0>
2025-12-03 22:34:48,157 - matplotlib.colorbar - DEBUG - colorbar update normal <matplotlib.colors.Normalize object at 0x75a7495ffe80> <matplotlib.colors.Normalize object at 0x75a7495ffe80>
2025-12-03 22:34:48,159 - matplotlib.colorbar - DEBUG - locator: <matplotlib.ticker.AutoLocator object at 0x75a7493e3fd0>
2025-12-03 22:34:48,161 - matplotlib.colorbar - DEBUG - colorbar update normal <matplotlib.colors.Normalize object at 0x75a7495ffe80> <matplotlib.colors.Normalize object at 0x75a7495ffe80>
2025-12-03 22:34:48,165 - matplotlib.colorbar - DEBUG - locator: <matplotlib.ticker.AutoLocator object at 0x75a7493e3fd0>
2025-12-03 22:34:48,169 - matplotlib.colorbar - DEBUG - locator: <matplotlib.ticker.AutoLocator object at 0x75a7493e32b0>
2025-12-03 22:34:48,326 - matplotlib.colorbar - DEBUG - colorbar update normal <matplotlib.colors.Normalize object at 0x75a749583850> <matplotlib.colors.Normalize object at 0x75a749583850>
2025-12-03 22:34:48,329 - matplotlib.colorbar - DEBUG - locator: <matplotlib.ticker.AutoLocator object at 0x75a7494f57b0>
2025-12-03 22:34:48,331 - matplotlib.colorbar - DEBUG - colorbar update normal <matplotlib.colors.Normalize object at 0x75a749583850> <matplotlib.colors.Normalize object at 0x75a749583850>
2025-12-03 22:34:48,333 - matplotlib.colorbar - DEBUG - locator: <matplotlib.ticker.AutoLocator object at 0x75a7494f57b0>
2025-12-03 22:34:48,337 - matplotlib.colorbar - DEBUG - locator: <matplotlib.ticker.AutoLocator object at 0x75a7494f6b90>
2025-12-03 22:34:48,561 - matplotlib.colorbar - DEBUG - colorbar update normal <matplotlib.colors.Normalize object at 0x75a74931e530> <matplotlib.colors.Normalize object at 0x75a74931e530>
2025-12-03 22:34:48,563 - matplotlib.colorbar - DEBUG - locator: <matplotlib.ticker.AutoLocator object at 0x75a74931f910>
2025-12-03 22:34:48,565 - matplotlib.colorbar - DEBUG - colorbar update normal <matplotlib.colors.Normalize object at 0x75a74931e530> <matplotlib.colors.Normalize object at 0x75a74931e530>
2025-12-03 22:34:48,567 - matplotlib.colorbar - DEBUG - locator: <matplotlib.ticker.AutoLocator object at 0x75a74931f910>
2025-12-03 22:34:48,571 - matplotlib.colorbar - DEBUG - locator: <matplotlib.ticker.AutoLocator object at 0x75a74931f850>
2025-12-03 22:34:48,723 - matplotlib.colorbar - DEBUG - colorbar update normal <matplotlib.colors.Normalize object at 0x75a7493c45e0> <matplotlib.colors.Normalize object at 0x75a7493c45e0>
2025-12-03 22:34:48,725 - matplotlib.colorbar - DEBUG - locator: <matplotlib.ticker.AutoLocator object at 0x75a749357ee0>
2025-12-03 22:34:48,727 - matplotlib.colorbar - DEBUG - colorbar update normal <matplotlib.colors.Normalize object at 0x75a7493c45e0> <matplotlib.colors.Normalize object at 0x75a7493c45e0>
2025-12-03 22:34:48,729 - matplotlib.colorbar - DEBUG - locator: <matplotlib.ticker.AutoLocator object at 0x75a749357ee0>
2025-12-03 22:34:48,733 - matplotlib.colorbar - DEBUG - locator: <matplotlib.ticker.AutoLocator object at 0x75a7495800a0>
2025-12-03 22:34:48,871 - matplotlib.colorbar - DEBUG - colorbar update normal <matplotlib.colors.Normalize object at 0x75a7494b5450> <matplotlib.colors.Normalize object at 0x75a7494b5450>
2025-12-03 22:34:48,873 - matplotlib.colorbar - DEBUG - locator: <matplotlib.ticker.AutoLocator object at 0x75a7494b7190>
2025-12-03 22:34:48,875 - matplotlib.colorbar - DEBUG - colorbar update normal <matplotlib.colors.Normalize object at 0x75a7494b5450> <matplotlib.colors.Normalize object at 0x75a7494b5450>
2025-12-03 22:34:48,878 - matplotlib.colorbar - DEBUG - locator: <matplotlib.ticker.AutoLocator object at 0x75a7494b7190>
2025-12-03 22:34:48,881 - matplotlib.colorbar - DEBUG - locator: <matplotlib.ticker.AutoLocator object at 0x75a7494b4ac0>
2025-12-03 22:34:49,031 - matplotlib.colorbar - DEBUG - colorbar update normal <matplotlib.colors.Normalize object at 0x75a7495c9870> <matplotlib.colors.Normalize object at 0x75a7495c9870>
2025-12-03 22:34:49,034 - matplotlib.colorbar - DEBUG - locator: <matplotlib.ticker.AutoLocator object at 0x75a748e4d5a0>
2025-12-03 22:34:49,036 - matplotlib.colorbar - DEBUG - colorbar update normal <matplotlib.colors.Normalize object at 0x75a7495c9870> <matplotlib.colors.Normalize object at 0x75a7495c9870>
2025-12-03 22:34:49,038 - matplotlib.colorbar - DEBUG - locator: <matplotlib.ticker.AutoLocator object at 0x75a748e4d5a0>
2025-12-03 22:34:49,042 - matplotlib.colorbar - DEBUG - locator: <matplotlib.ticker.AutoLocator object at 0x75a748e4d5d0>
